{"contracts/interface/ERC20.sol":{"l":{},"path":"/home/node/project/contracts/interface/ERC20.sol","s":{},"b":{},"f":{},"fnMap":{},"statementMap":{},"branchMap":{}},"contracts/math/SafeMath.sol":{"l":{"17":0,"18":0,"21":0,"22":0,"23":0,"33":0,"40":9,"41":9,"48":7,"49":7,"50":7},"path":"/home/node/project/contracts/math/SafeMath.sol","s":{"1":0,"2":0,"3":0,"4":0,"5":0,"6":0,"7":9,"8":9,"9":7,"10":7,"11":7},"b":{"1":[0,0],"2":[0,0],"3":[9,0],"4":[7,0]},"f":{"1":0,"2":0,"3":9,"4":7},"fnMap":{"1":{"name":"mul","line":13,"loc":{"start":{"line":13,"column":2},"end":{"line":13,"column":70}}},"2":{"name":"div","line":29,"loc":{"start":{"line":29,"column":2},"end":{"line":29,"column":68}}},"3":{"name":"sub","line":39,"loc":{"start":{"line":39,"column":2},"end":{"line":39,"column":68}}},"4":{"name":"add","line":47,"loc":{"start":{"line":47,"column":2},"end":{"line":47,"column":70}}}},"statementMap":{"1":{"start":{"line":17,"column":4},"end":{"line":17,"column":495}},"2":{"start":{"line":18,"column":6},"end":{"line":18,"column":14}},"3":{"start":{"line":21,"column":4},"end":{"line":21,"column":12}},"4":{"start":{"line":22,"column":4},"end":{"line":22,"column":21}},"5":{"start":{"line":23,"column":4},"end":{"line":23,"column":12}},"6":{"start":{"line":33,"column":4},"end":{"line":33,"column":16}},"7":{"start":{"line":40,"column":4},"end":{"line":40,"column":17}},"8":{"start":{"line":41,"column":4},"end":{"line":41,"column":16}},"9":{"start":{"line":48,"column":4},"end":{"line":48,"column":12}},"10":{"start":{"line":49,"column":4},"end":{"line":49,"column":17}},"11":{"start":{"line":50,"column":4},"end":{"line":50,"column":12}}},"branchMap":{"1":{"line":17,"type":"if","locations":[{"start":{"line":17,"column":4},"end":{"line":17,"column":4}},{"start":{"line":17,"column":4},"end":{"line":17,"column":4}}]},"2":{"line":22,"type":"if","locations":[{"start":{"line":22,"column":4},"end":{"line":22,"column":4}},{"start":{"line":22,"column":4},"end":{"line":22,"column":4}}]},"3":{"line":40,"type":"if","locations":[{"start":{"line":40,"column":4},"end":{"line":40,"column":4}},{"start":{"line":40,"column":4},"end":{"line":40,"column":4}}]},"4":{"line":49,"type":"if","locations":[{"start":{"line":49,"column":4},"end":{"line":49,"column":4}},{"start":{"line":49,"column":4},"end":{"line":49,"column":4}}]}}},"contracts/token/ERC20Token.sol":{"l":{"30":17,"31":17,"32":17,"33":17,"34":17,"38":1,"42":1,"46":1,"50":2,"54":4,"60":1,"64":5,"65":5,"67":5,"68":5,"69":5,"70":5,"76":3,"77":3,"78":3,"80":1,"81":1,"82":1,"83":1,"84":1,"88":6,"89":6,"90":6,"96":1,"98":1,"99":1,"105":2,"106":2,"107":0,"109":2,"111":2,"112":2},"path":"/home/node/project/contracts/token/ERC20Token.sol","s":{"1":17,"2":17,"3":17,"4":17,"5":17,"6":1,"7":1,"8":1,"9":2,"10":4,"11":1,"12":5,"13":5,"14":5,"15":5,"16":5,"17":5,"18":3,"19":3,"20":3,"21":1,"22":1,"23":1,"24":1,"25":1,"26":6,"27":6,"28":6,"29":1,"30":1,"31":1,"32":2,"33":2,"34":0,"35":2,"36":2,"37":2},"b":{"1":[5,0],"2":[5,0],"3":[3,0],"4":[3,0],"5":[1,2],"6":[0,2]},"f":{"1":17,"2":1,"3":1,"4":1,"5":2,"6":4,"7":1,"8":5,"9":3,"10":6,"11":1,"12":2},"fnMap":{"1":{"name":"constructor","line":24,"loc":{"start":{"line":24,"column":2},"end":{"line":29,"column":3}}},"2":{"name":"name","line":37,"loc":{"start":{"line":37,"column":2},"end":{"line":37,"column":53}}},"3":{"name":"symbol","line":41,"loc":{"start":{"line":41,"column":2},"end":{"line":41,"column":55}}},"4":{"name":"decimal","line":45,"loc":{"start":{"line":45,"column":2},"end":{"line":45,"column":50}}},"5":{"name":"totalSupply","line":49,"loc":{"start":{"line":49,"column":2},"end":{"line":49,"column":54}}},"6":{"name":"balanceOf","line":53,"loc":{"start":{"line":53,"column":2},"end":{"line":53,"column":66}}},"7":{"name":"allowance","line":57,"loc":{"start":{"line":57,"column":2},"end":{"line":59,"column":3}}},"8":{"name":"transfer","line":63,"loc":{"start":{"line":63,"column":2},"end":{"line":63,"column":70}}},"9":{"name":"transferFrom","line":73,"loc":{"start":{"line":73,"column":2},"end":{"line":75,"column":3}}},"10":{"name":"approve","line":87,"loc":{"start":{"line":87,"column":2},"end":{"line":87,"column":74}}},"11":{"name":"increaseApproval","line":93,"loc":{"start":{"line":93,"column":2},"end":{"line":95,"column":3}}},"12":{"name":"decreaseApproval","line":102,"loc":{"start":{"line":102,"column":2},"end":{"line":104,"column":3}}}},"statementMap":{"1":{"start":{"line":30,"column":4},"end":{"line":30,"column":16}},"2":{"start":{"line":31,"column":4},"end":{"line":31,"column":20}},"3":{"start":{"line":32,"column":4},"end":{"line":32,"column":22}},"4":{"start":{"line":33,"column":4},"end":{"line":33,"column":30}},"5":{"start":{"line":34,"column":4},"end":{"line":34,"column":38}},"6":{"start":{"line":38,"column":4},"end":{"line":38,"column":16}},"7":{"start":{"line":42,"column":4},"end":{"line":42,"column":18}},"8":{"start":{"line":46,"column":4},"end":{"line":46,"column":19}},"9":{"start":{"line":50,"column":4},"end":{"line":50,"column":23}},"10":{"start":{"line":54,"column":4},"end":{"line":54,"column":27}},"11":{"start":{"line":60,"column":4},"end":{"line":60,"column":36}},"12":{"start":{"line":64,"column":4},"end":{"line":64,"column":29}},"13":{"start":{"line":65,"column":4},"end":{"line":65,"column":42}},"14":{"start":{"line":67,"column":4},"end":{"line":67,"column":58}},"15":{"start":{"line":68,"column":4},"end":{"line":68,"column":44}},"16":{"start":{"line":69,"column":4},"end":{"line":69,"column":42}},"17":{"start":{"line":70,"column":4},"end":{"line":70,"column":15}},"18":{"start":{"line":76,"column":4},"end":{"line":76,"column":29}},"19":{"start":{"line":77,"column":4},"end":{"line":77,"column":37}},"20":{"start":{"line":78,"column":4},"end":{"line":78,"column":48}},"21":{"start":{"line":80,"column":4},"end":{"line":80,"column":48}},"22":{"start":{"line":81,"column":4},"end":{"line":81,"column":44}},"23":{"start":{"line":82,"column":4},"end":{"line":82,"column":70}},"24":{"start":{"line":83,"column":4},"end":{"line":83,"column":37}},"25":{"start":{"line":84,"column":4},"end":{"line":84,"column":15}},"26":{"start":{"line":88,"column":4},"end":{"line":88,"column":41}},"27":{"start":{"line":89,"column":4},"end":{"line":89,"column":47}},"28":{"start":{"line":90,"column":4},"end":{"line":90,"column":15}},"29":{"start":{"line":96,"column":4},"end":{"line":96,"column":2423}},"30":{"start":{"line":98,"column":4},"end":{"line":98,"column":70}},"31":{"start":{"line":99,"column":4},"end":{"line":99,"column":15}},"32":{"start":{"line":105,"column":4},"end":{"line":105,"column":48}},"33":{"start":{"line":106,"column":4},"end":{"line":106,"column":2712}},"34":{"start":{"line":107,"column":6},"end":{"line":107,"column":38}},"35":{"start":{"line":109,"column":6},"end":{"line":109,"column":67}},"36":{"start":{"line":111,"column":4},"end":{"line":111,"column":70}},"37":{"start":{"line":112,"column":4},"end":{"line":112,"column":15}}},"branchMap":{"1":{"line":64,"type":"if","locations":[{"start":{"line":64,"column":4},"end":{"line":64,"column":4}},{"start":{"line":64,"column":4},"end":{"line":64,"column":4}}]},"2":{"line":65,"type":"if","locations":[{"start":{"line":65,"column":4},"end":{"line":65,"column":4}},{"start":{"line":65,"column":4},"end":{"line":65,"column":4}}]},"3":{"line":76,"type":"if","locations":[{"start":{"line":76,"column":4},"end":{"line":76,"column":4}},{"start":{"line":76,"column":4},"end":{"line":76,"column":4}}]},"4":{"line":77,"type":"if","locations":[{"start":{"line":77,"column":4},"end":{"line":77,"column":4}},{"start":{"line":77,"column":4},"end":{"line":77,"column":4}}]},"5":{"line":78,"type":"if","locations":[{"start":{"line":78,"column":4},"end":{"line":78,"column":4}},{"start":{"line":78,"column":4},"end":{"line":78,"column":4}}]},"6":{"line":106,"type":"if","locations":[{"start":{"line":106,"column":4},"end":{"line":106,"column":4}},{"start":{"line":106,"column":4},"end":{"line":106,"column":4}}]}}}}