{"contracts/governance/Operator.sol":{"l":{"23":208,"24":203,"31":2,"38":2,"49":59,"51":57,"52":2,"54":57,"56":57,"57":65,"58":65,"60":57},"path":"/home/node/project/contracts/governance/Operator.sol","s":{"1":208,"2":2,"3":2,"4":59,"5":57,"6":57,"7":57,"8":65,"9":65,"10":57},"b":{"1":[203,5],"2":[57,2]},"f":{"1":208,"2":2,"3":2,"4":59},"fnMap":{"1":{"name":"onlyOperator","line":22,"loc":{"start":{"line":22,"column":2},"end":{"line":22,"column":23}}},"2":{"name":"operatorCount","line":30,"loc":{"start":{"line":30,"column":2},"end":{"line":30,"column":56}}},"3":{"name":"operatorAddress","line":37,"loc":{"start":{"line":37,"column":2},"end":{"line":37,"column":75}}},"4":{"name":"defineOperators","line":46,"loc":{"start":{"line":46,"column":2},"end":{"line":48,"column":3}}}},"statementMap":{"1":{"start":{"line":23,"column":4},"end":{"line":23,"column":47}},"2":{"start":{"line":31,"column":4},"end":{"line":31,"column":27}},"3":{"start":{"line":38,"column":4},"end":{"line":38,"column":33}},"4":{"start":{"line":49,"column":4},"end":{"line":49,"column":54}},"5":{"start":{"line":51,"column":4},"end":{"line":51,"column":1195}},"6":{"start":{"line":54,"column":4},"end":{"line":54,"column":43}},"7":{"start":{"line":56,"column":4},"end":{"line":56,"column":1340}},"8":{"start":{"line":57,"column":6},"end":{"line":57,"column":52}},"9":{"start":{"line":58,"column":6},"end":{"line":58,"column":46}},"10":{"start":{"line":60,"column":4},"end":{"line":60,"column":25}}},"branchMap":{"1":{"line":23,"type":"if","locations":[{"start":{"line":23,"column":4},"end":{"line":23,"column":4}},{"start":{"line":23,"column":4},"end":{"line":23,"column":4}}]},"2":{"line":49,"type":"if","locations":[{"start":{"line":49,"column":4},"end":{"line":49,"column":4}},{"start":{"line":49,"column":4},"end":{"line":49,"column":4}}]}}},"contracts/governance/Ownable.sol":{"l":{"17":61,"24":61,"25":59,"32":0,"33":0,"41":0,"49":0,"50":0,"51":0},"path":"/home/node/project/contracts/governance/Ownable.sol","s":{"1":61,"2":61,"3":0,"4":0,"5":0,"6":0,"7":0,"8":0},"b":{"1":[59,2],"2":[0,0]},"f":{"1":61,"2":61,"3":0,"4":0,"5":0},"fnMap":{"1":{"name":"constructor","line":16,"loc":{"start":{"line":16,"column":2},"end":{"line":16,"column":22}}},"2":{"name":"onlyOwner","line":23,"loc":{"start":{"line":23,"column":2},"end":{"line":23,"column":22}}},"3":{"name":"renounceOwnership","line":31,"loc":{"start":{"line":31,"column":2},"end":{"line":31,"column":47}}},"4":{"name":"transferOwnership","line":40,"loc":{"start":{"line":40,"column":2},"end":{"line":40,"column":64}}},"5":{"name":"_transferOwnership","line":48,"loc":{"start":{"line":48,"column":2},"end":{"line":48,"column":57}}}},"statementMap":{"1":{"start":{"line":17,"column":4},"end":{"line":17,"column":21}},"2":{"start":{"line":24,"column":4},"end":{"line":24,"column":31}},"3":{"start":{"line":32,"column":4},"end":{"line":32,"column":34}},"4":{"start":{"line":33,"column":4},"end":{"line":33,"column":21}},"5":{"start":{"line":41,"column":4},"end":{"line":41,"column":32}},"6":{"start":{"line":49,"column":4},"end":{"line":49,"column":35}},"7":{"start":{"line":50,"column":4},"end":{"line":50,"column":47}},"8":{"start":{"line":51,"column":4},"end":{"line":51,"column":20}}},"branchMap":{"1":{"line":24,"type":"if","locations":[{"start":{"line":24,"column":4},"end":{"line":24,"column":4}},{"start":{"line":24,"column":4},"end":{"line":24,"column":4}}]},"2":{"line":49,"type":"if","locations":[{"start":{"line":49,"column":4},"end":{"line":49,"column":4}},{"start":{"line":49,"column":4},"end":{"line":49,"column":4}}]}}},"contracts/interface/IERC20.sol":{"l":{},"path":"/home/node/project/contracts/interface/IERC20.sol","s":{},"b":{},"f":{},"fnMap":{},"statementMap":{},"branchMap":{}},"contracts/interface/IRouter.sol":{"l":{},"path":"/home/node/project/contracts/interface/IRouter.sol","s":{},"b":{},"f":{},"fnMap":{},"statementMap":{},"branchMap":{}},"contracts/interface/IUserRegistry.sol":{"l":{},"path":"/home/node/project/contracts/interface/IUserRegistry.sol","s":{},"b":{},"f":{},"fnMap":{},"statementMap":{},"branchMap":{}},"contracts/math/SafeMath.sol":{"l":{"17":0,"18":0,"21":0,"22":0,"23":0,"33":0,"40":9,"41":9,"48":7,"49":7,"50":7},"path":"/home/node/project/contracts/math/SafeMath.sol","s":{"1":0,"2":0,"3":0,"4":0,"5":0,"6":0,"7":9,"8":9,"9":7,"10":7,"11":7},"b":{"1":[0,0],"2":[0,0],"3":[9,0],"4":[7,0]},"f":{"1":0,"2":0,"3":9,"4":7},"fnMap":{"1":{"name":"mul","line":13,"loc":{"start":{"line":13,"column":2},"end":{"line":13,"column":70}}},"2":{"name":"div","line":29,"loc":{"start":{"line":29,"column":2},"end":{"line":29,"column":68}}},"3":{"name":"sub","line":39,"loc":{"start":{"line":39,"column":2},"end":{"line":39,"column":68}}},"4":{"name":"add","line":47,"loc":{"start":{"line":47,"column":2},"end":{"line":47,"column":70}}}},"statementMap":{"1":{"start":{"line":17,"column":4},"end":{"line":17,"column":495}},"2":{"start":{"line":18,"column":6},"end":{"line":18,"column":14}},"3":{"start":{"line":21,"column":4},"end":{"line":21,"column":12}},"4":{"start":{"line":22,"column":4},"end":{"line":22,"column":21}},"5":{"start":{"line":23,"column":4},"end":{"line":23,"column":12}},"6":{"start":{"line":33,"column":4},"end":{"line":33,"column":16}},"7":{"start":{"line":40,"column":4},"end":{"line":40,"column":17}},"8":{"start":{"line":41,"column":4},"end":{"line":41,"column":16}},"9":{"start":{"line":48,"column":4},"end":{"line":48,"column":12}},"10":{"start":{"line":49,"column":4},"end":{"line":49,"column":17}},"11":{"start":{"line":50,"column":4},"end":{"line":50,"column":12}}},"branchMap":{"1":{"line":17,"type":"if","locations":[{"start":{"line":17,"column":4},"end":{"line":17,"column":4}},{"start":{"line":17,"column":4},"end":{"line":17,"column":4}}]},"2":{"line":22,"type":"if","locations":[{"start":{"line":22,"column":4},"end":{"line":22,"column":4}},{"start":{"line":22,"column":4},"end":{"line":22,"column":4}}]},"3":{"line":40,"type":"if","locations":[{"start":{"line":40,"column":4},"end":{"line":40,"column":4}},{"start":{"line":40,"column":4},"end":{"line":40,"column":4}}]},"4":{"line":49,"type":"if","locations":[{"start":{"line":49,"column":4},"end":{"line":49,"column":4}},{"start":{"line":49,"column":4},"end":{"line":49,"column":4}}]}}},"contracts/registry/UserRegistry.sol":{"l":{"41":49,"42":112,"50":4,"57":10,"64":3,"65":3,"66":3,"68":0,"75":7,"82":15,"91":4,"98":4,"105":3,"114":3,"123":1,"124":2,"134":86,"135":82,"136":78,"138":78,"147":30,"148":28,"149":54,"157":3,"164":1,"165":3,"173":3,"180":3,"181":3,"182":1,"189":14,"190":10,"191":8,"198":9,"199":5,"200":3,"207":5,"208":8,"216":3,"217":4,"229":33,"230":29,"231":29,"242":3,"243":4,"253":7,"254":3,"265":3,"266":4,"276":117,"277":115,"278":115,"280":115,"281":115,"288":10,"289":10,"290":6,"291":6,"299":10},"path":"/home/node/project/contracts/registry/UserRegistry.sol","s":{"1":49,"2":112,"3":4,"4":10,"5":3,"6":3,"7":3,"8":0,"9":7,"10":15,"11":4,"12":4,"13":3,"14":3,"15":1,"16":2,"17":86,"18":82,"19":78,"20":78,"21":30,"22":28,"23":54,"24":3,"25":1,"26":3,"27":3,"28":3,"29":3,"30":1,"31":14,"32":10,"33":8,"34":9,"35":5,"36":3,"37":5,"38":8,"39":3,"40":4,"41":33,"42":29,"43":29,"44":3,"45":4,"46":7,"47":3,"48":3,"49":4,"50":117,"51":115,"52":115,"53":115,"54":115,"55":10,"56":10,"57":6,"58":10},"b":{"1":[3,0],"2":[82,4],"3":[78,4],"4":[28,2],"5":[1,2],"6":[10,4],"7":[8,2],"8":[5,4],"9":[3,2],"10":[29,4],"11":[3,4],"12":[115,2],"13":[6,4]},"f":{"1":49,"2":4,"3":10,"4":3,"5":7,"6":15,"7":4,"8":4,"9":3,"10":3,"11":1,"12":86,"13":30,"14":3,"15":1,"16":3,"17":3,"18":14,"19":9,"20":5,"21":3,"22":33,"23":3,"24":7,"25":3,"26":117,"27":10,"28":10},"fnMap":{"1":{"name":"constructor","line":40,"loc":{"start":{"line":40,"column":2},"end":{"line":40,"column":74}}},"2":{"name":"userCount","line":49,"loc":{"start":{"line":49,"column":2},"end":{"line":49,"column":52}}},"3":{"name":"userId","line":56,"loc":{"start":{"line":56,"column":2},"end":{"line":56,"column":65}}},"4":{"name":"validUserId","line":63,"loc":{"start":{"line":63,"column":2},"end":{"line":63,"column":70}}},"5":{"name":"validUntilTime","line":74,"loc":{"start":{"line":74,"column":2},"end":{"line":74,"column":72}}},"6":{"name":"suspended","line":81,"loc":{"start":{"line":81,"column":2},"end":{"line":81,"column":64}}},"7":{"name":"extended","line":88,"loc":{"start":{"line":88,"column":2},"end":{"line":90,"column":3}}},"8":{"name":"isAddressValid","line":97,"loc":{"start":{"line":97,"column":2},"end":{"line":97,"column":70}}},"9":{"name":"isValid","line":104,"loc":{"start":{"line":104,"column":2},"end":{"line":104,"column":62}}},"10":{"name":"registerUser","line":111,"loc":{"start":{"line":111,"column":2},"end":{"line":113,"column":3}}},"11":{"name":"registerManyUsers","line":120,"loc":{"start":{"line":120,"column":2},"end":{"line":122,"column":3}}},"12":{"name":"attachAddress","line":131,"loc":{"start":{"line":131,"column":2},"end":{"line":133,"column":3}}},"13":{"name":"attachManyAddresses","line":144,"loc":{"start":{"line":144,"column":2},"end":{"line":146,"column":3}}},"14":{"name":"detachAddress","line":156,"loc":{"start":{"line":156,"column":2},"end":{"line":156,"column":62}}},"15":{"name":"detachManyAddresses","line":163,"loc":{"start":{"line":163,"column":2},"end":{"line":163,"column":79}}},"16":{"name":"detachSelf","line":172,"loc":{"start":{"line":172,"column":2},"end":{"line":172,"column":30}}},"17":{"name":"detachSelfAddress","line":179,"loc":{"start":{"line":179,"column":2},"end":{"line":179,"column":53}}},"18":{"name":"suspendUser","line":188,"loc":{"start":{"line":188,"column":2},"end":{"line":188,"column":59}}},"19":{"name":"unsuspendUser","line":197,"loc":{"start":{"line":197,"column":2},"end":{"line":197,"column":61}}},"20":{"name":"suspendManyUsers","line":206,"loc":{"start":{"line":206,"column":2},"end":{"line":206,"column":74}}},"21":{"name":"unsuspendManyUsers","line":215,"loc":{"start":{"line":215,"column":2},"end":{"line":215,"column":76}}},"22":{"name":"updateUser","line":224,"loc":{"start":{"line":224,"column":2},"end":{"line":228,"column":3}}},"23":{"name":"updateManyUsers","line":237,"loc":{"start":{"line":237,"column":2},"end":{"line":241,"column":3}}},"24":{"name":"updateUserExtended","line":250,"loc":{"start":{"line":250,"column":2},"end":{"line":252,"column":3}}},"25":{"name":"updateManyUsersExtended","line":260,"loc":{"start":{"line":260,"column":2},"end":{"line":264,"column":3}}},"26":{"name":"registerUserInternal","line":273,"loc":{"start":{"line":273,"column":2},"end":{"line":275,"column":3}}},"27":{"name":"detachAddressInternal","line":287,"loc":{"start":{"line":287,"column":2},"end":{"line":287,"column":59}}},"28":{"name":"isValidInternal","line":297,"loc":{"start":{"line":297,"column":2},"end":{"line":297,"column":74}}}},"statementMap":{"1":{"start":{"line":41,"column":4},"end":{"line":41,"column":1016}},"2":{"start":{"line":42,"column":6},"end":{"line":42,"column":57}},"3":{"start":{"line":50,"column":4},"end":{"line":50,"column":21}},"4":{"start":{"line":57,"column":4},"end":{"line":57,"column":33}},"5":{"start":{"line":64,"column":4},"end":{"line":64,"column":50}},"6":{"start":{"line":65,"column":4},"end":{"line":65,"column":1662}},"7":{"start":{"line":66,"column":6},"end":{"line":66,"column":26}},"8":{"start":{"line":68,"column":4},"end":{"line":68,"column":12}},"9":{"start":{"line":75,"column":4},"end":{"line":75,"column":40}},"10":{"start":{"line":82,"column":4},"end":{"line":82,"column":35}},"11":{"start":{"line":91,"column":4},"end":{"line":91,"column":40}},"12":{"start":{"line":98,"column":4},"end":{"line":98,"column":57}},"13":{"start":{"line":105,"column":4},"end":{"line":105,"column":42}},"14":{"start":{"line":114,"column":4},"end":{"line":114,"column":50}},"15":{"start":{"line":123,"column":4},"end":{"line":123,"column":2990}},"16":{"start":{"line":124,"column":6},"end":{"line":124,"column":57}},"17":{"start":{"line":134,"column":4},"end":{"line":134,"column":56}},"18":{"start":{"line":135,"column":4},"end":{"line":135,"column":47}},"19":{"start":{"line":136,"column":4},"end":{"line":136,"column":35}},"20":{"start":{"line":138,"column":4},"end":{"line":138,"column":43}},"21":{"start":{"line":147,"column":4},"end":{"line":147,"column":56}},"22":{"start":{"line":148,"column":4},"end":{"line":148,"column":3685}},"23":{"start":{"line":149,"column":6},"end":{"line":149,"column":46}},"24":{"start":{"line":157,"column":4},"end":{"line":157,"column":34}},"25":{"start":{"line":164,"column":4},"end":{"line":164,"column":4166}},"26":{"start":{"line":165,"column":6},"end":{"line":165,"column":41}},"27":{"start":{"line":173,"column":4},"end":{"line":173,"column":36}},"28":{"start":{"line":180,"column":4},"end":{"line":180,"column":51}},"29":{"start":{"line":181,"column":4},"end":{"line":181,"column":58}},"30":{"start":{"line":182,"column":4},"end":{"line":182,"column":34}},"31":{"start":{"line":189,"column":4},"end":{"line":189,"column":56}},"32":{"start":{"line":190,"column":4},"end":{"line":190,"column":45}},"33":{"start":{"line":191,"column":4},"end":{"line":191,"column":34}},"34":{"start":{"line":198,"column":4},"end":{"line":198,"column":56}},"35":{"start":{"line":199,"column":4},"end":{"line":199,"column":44}},"36":{"start":{"line":200,"column":4},"end":{"line":200,"column":35}},"37":{"start":{"line":207,"column":4},"end":{"line":207,"column":5336}},"38":{"start":{"line":208,"column":6},"end":{"line":208,"column":29}},"39":{"start":{"line":216,"column":4},"end":{"line":216,"column":5553}},"40":{"start":{"line":217,"column":6},"end":{"line":217,"column":31}},"41":{"start":{"line":229,"column":4},"end":{"line":229,"column":56}},"42":{"start":{"line":230,"column":4},"end":{"line":230,"column":50}},"43":{"start":{"line":231,"column":4},"end":{"line":231,"column":40}},"44":{"start":{"line":242,"column":4},"end":{"line":242,"column":6137}},"45":{"start":{"line":243,"column":6},"end":{"line":243,"column":57}},"46":{"start":{"line":253,"column":4},"end":{"line":253,"column":56}},"47":{"start":{"line":254,"column":4},"end":{"line":254,"column":41}},"48":{"start":{"line":265,"column":4},"end":{"line":265,"column":6718}},"49":{"start":{"line":266,"column":6},"end":{"line":266,"column":50}},"50":{"start":{"line":276,"column":4},"end":{"line":276,"column":47}},"51":{"start":{"line":277,"column":4},"end":{"line":277,"column":53}},"52":{"start":{"line":278,"column":4},"end":{"line":278,"column":38}},"53":{"start":{"line":280,"column":4},"end":{"line":280,"column":35}},"54":{"start":{"line":281,"column":4},"end":{"line":281,"column":46}},"55":{"start":{"line":288,"column":4},"end":{"line":288,"column":50}},"56":{"start":{"line":289,"column":4},"end":{"line":289,"column":38}},"57":{"start":{"line":290,"column":4},"end":{"line":290,"column":49}},"58":{"start":{"line":299,"column":4},"end":{"line":299,"column":55}}},"branchMap":{"1":{"line":65,"type":"if","locations":[{"start":{"line":65,"column":4},"end":{"line":65,"column":4}},{"start":{"line":65,"column":4},"end":{"line":65,"column":4}}]},"2":{"line":134,"type":"if","locations":[{"start":{"line":134,"column":4},"end":{"line":134,"column":4}},{"start":{"line":134,"column":4},"end":{"line":134,"column":4}}]},"3":{"line":135,"type":"if","locations":[{"start":{"line":135,"column":4},"end":{"line":135,"column":4}},{"start":{"line":135,"column":4},"end":{"line":135,"column":4}}]},"4":{"line":147,"type":"if","locations":[{"start":{"line":147,"column":4},"end":{"line":147,"column":4}},{"start":{"line":147,"column":4},"end":{"line":147,"column":4}}]},"5":{"line":181,"type":"if","locations":[{"start":{"line":181,"column":4},"end":{"line":181,"column":4}},{"start":{"line":181,"column":4},"end":{"line":181,"column":4}}]},"6":{"line":189,"type":"if","locations":[{"start":{"line":189,"column":4},"end":{"line":189,"column":4}},{"start":{"line":189,"column":4},"end":{"line":189,"column":4}}]},"7":{"line":190,"type":"if","locations":[{"start":{"line":190,"column":4},"end":{"line":190,"column":4}},{"start":{"line":190,"column":4},"end":{"line":190,"column":4}}]},"8":{"line":198,"type":"if","locations":[{"start":{"line":198,"column":4},"end":{"line":198,"column":4}},{"start":{"line":198,"column":4},"end":{"line":198,"column":4}}]},"9":{"line":199,"type":"if","locations":[{"start":{"line":199,"column":4},"end":{"line":199,"column":4}},{"start":{"line":199,"column":4},"end":{"line":199,"column":4}}]},"10":{"line":229,"type":"if","locations":[{"start":{"line":229,"column":4},"end":{"line":229,"column":4}},{"start":{"line":229,"column":4},"end":{"line":229,"column":4}}]},"11":{"line":253,"type":"if","locations":[{"start":{"line":253,"column":4},"end":{"line":253,"column":4}},{"start":{"line":253,"column":4},"end":{"line":253,"column":4}}]},"12":{"line":276,"type":"if","locations":[{"start":{"line":276,"column":4},"end":{"line":276,"column":4}},{"start":{"line":276,"column":4},"end":{"line":276,"column":4}}]},"13":{"line":289,"type":"if","locations":[{"start":{"line":289,"column":4},"end":{"line":289,"column":4}},{"start":{"line":289,"column":4},"end":{"line":289,"column":4}}]}}},"contracts/routing/BasicRouter.sol":{"l":{"35":0,"36":0,"40":0,"41":0,"45":0,"49":0,"53":0,"57":0,"64":0,"65":0,"75":0,"76":0,"77":0,"83":0,"84":0,"86":0,"93":0,"94":0,"103":0,"104":0,"106":0,"108":0,"109":0,"110":0,"111":0,"112":0,"114":0,"117":0},"path":"/home/node/project/contracts/routing/BasicRouter.sol","s":{"1":0,"2":0,"3":0,"4":0,"5":0,"6":0,"7":0,"8":0,"9":0,"10":0,"11":0,"12":0,"13":0,"14":0,"15":0,"16":0,"17":0,"18":0,"19":0,"20":0,"21":0,"22":0,"23":0,"24":0,"25":0,"26":0,"27":0},"b":{"1":[0,0],"2":[0,0],"3":[0,0],"4":[0,0],"5":[0,0],"6":[0,0]},"f":{"1":0,"2":0,"3":0,"4":0,"5":0,"6":0,"7":0,"8":0,"9":0,"10":0,"11":0},"fnMap":{"1":{"name":"configNotLocked","line":34,"loc":{"start":{"line":34,"column":2},"end":{"line":34,"column":28}}},"2":{"name":"","line":39,"loc":{"start":{"line":39,"column":2},"end":{"line":39,"column":30}}},"3":{"name":"destinations","line":44,"loc":{"start":{"line":44,"column":2},"end":{"line":44,"column":79}}},"4":{"name":"activeDestination","line":48,"loc":{"start":{"line":48,"column":2},"end":{"line":48,"column":75}}},"5":{"name":"destinationAbi","line":52,"loc":{"start":{"line":52,"column":2},"end":{"line":52,"column":71}}},"6":{"name":"isConfigLocked","line":56,"loc":{"start":{"line":56,"column":2},"end":{"line":56,"column":54}}},"7":{"name":"findDestination","line":63,"loc":{"start":{"line":63,"column":2},"end":{"line":63,"column":73}}},"8":{"name":"setRoute","line":69,"loc":{"start":{"line":69,"column":2},"end":{"line":74,"column":3}}},"9":{"name":"switchDestination","line":80,"loc":{"start":{"line":80,"column":2},"end":{"line":82,"column":3}}},"10":{"name":"lockConfig","line":92,"loc":{"start":{"line":92,"column":2},"end":{"line":92,"column":56}}},"11":{"name":"callPayable","line":101,"loc":{"start":{"line":101,"column":2},"end":{"line":102,"column":3}}}},"statementMap":{"1":{"start":{"line":35,"column":4},"end":{"line":35,"column":34}},"2":{"start":{"line":40,"column":4},"end":{"line":40,"column":33}},"3":{"start":{"line":41,"column":4},"end":{"line":41,"column":47}},"4":{"start":{"line":45,"column":4},"end":{"line":45,"column":39}},"5":{"start":{"line":49,"column":4},"end":{"line":49,"column":44}},"6":{"start":{"line":53,"column":4},"end":{"line":53,"column":41}},"7":{"start":{"line":57,"column":4},"end":{"line":57,"column":24}},"8":{"start":{"line":64,"column":4},"end":{"line":64,"column":40}},"9":{"start":{"line":65,"column":4},"end":{"line":65,"column":1620}},"10":{"start":{"line":75,"column":4},"end":{"line":75,"column":61}},"11":{"start":{"line":76,"column":4},"end":{"line":76,"column":62}},"12":{"start":{"line":77,"column":4},"end":{"line":77,"column":15}},"13":{"start":{"line":83,"column":4},"end":{"line":83,"column":76}},"14":{"start":{"line":84,"column":4},"end":{"line":84,"column":57}},"15":{"start":{"line":86,"column":4},"end":{"line":86,"column":57}},"16":{"start":{"line":93,"column":4},"end":{"line":93,"column":23}},"17":{"start":{"line":94,"column":4},"end":{"line":94,"column":23}},"18":{"start":{"line":103,"column":4},"end":{"line":103,"column":50}},"19":{"start":{"line":104,"column":4},"end":{"line":104,"column":45}},"20":{"start":{"line":106,"column":4},"end":{"line":106,"column":59}},"21":{"start":{"line":108,"column":4},"end":{"line":108,"column":16}},"22":{"start":{"line":109,"column":4},"end":{"line":109,"column":23}},"23":{"start":{"line":110,"column":4},"end":{"line":110,"column":2917}},"24":{"start":{"line":111,"column":6},"end":{"line":111,"column":77}},"25":{"start":{"line":112,"column":6},"end":{"line":112,"column":68}},"26":{"start":{"line":114,"column":6},"end":{"line":114,"column":62}},"27":{"start":{"line":117,"column":4},"end":{"line":117,"column":27}}},"branchMap":{"1":{"line":35,"type":"if","locations":[{"start":{"line":35,"column":4},"end":{"line":35,"column":4}},{"start":{"line":35,"column":4},"end":{"line":35,"column":4}}]},"2":{"line":40,"type":"if","locations":[{"start":{"line":40,"column":4},"end":{"line":40,"column":4}},{"start":{"line":40,"column":4},"end":{"line":40,"column":4}}]},"3":{"line":83,"type":"if","locations":[{"start":{"line":83,"column":4},"end":{"line":83,"column":4}},{"start":{"line":83,"column":4},"end":{"line":83,"column":4}}]},"4":{"line":104,"type":"if","locations":[{"start":{"line":104,"column":4},"end":{"line":104,"column":4}},{"start":{"line":104,"column":4},"end":{"line":104,"column":4}}]},"5":{"line":110,"type":"if","locations":[{"start":{"line":110,"column":4},"end":{"line":110,"column":4}},{"start":{"line":110,"column":4},"end":{"line":110,"column":4}}]},"6":{"line":117,"type":"if","locations":[{"start":{"line":117,"column":4},"end":{"line":117,"column":4}},{"start":{"line":117,"column":4},"end":{"line":117,"column":4}}]}}},"contracts/routing/DynamicRouter.sol":{"l":{"27":0,"31":0,"35":0,"36":0,"38":0,"39":0,"40":0,"41":0,"43":0,"44":0,"45":0,"48":0,"49":0,"51":0,"52":0,"53":0,"54":0,"59":0,"67":0,"70":0,"71":0,"73":0},"path":"/home/node/project/contracts/routing/DynamicRouter.sol","s":{"1":0,"2":0,"3":0,"4":0,"5":0,"6":0,"7":0,"8":0,"9":0,"10":0,"11":0,"12":0,"13":0,"14":0,"15":0,"16":0,"17":0,"18":0,"19":0,"20":0,"21":0},"b":{"1":[0,0],"2":[0,0],"3":[0,0],"4":[0,0]},"f":{"1":0,"2":0,"3":0,"4":0},"fnMap":{"1":{"name":"maxBalances","line":26,"loc":{"start":{"line":26,"column":2},"end":{"line":26,"column":78}}},"2":{"name":"weights","line":30,"loc":{"start":{"line":30,"column":2},"end":{"line":30,"column":74}}},"3":{"name":"findDestination","line":34,"loc":{"start":{"line":34,"column":2},"end":{"line":34,"column":73}}},"4":{"name":"setDistribution","line":62,"loc":{"start":{"line":62,"column":2},"end":{"line":66,"column":53}}}},"statementMap":{"1":{"start":{"line":27,"column":4},"end":{"line":27,"column":45}},"2":{"start":{"line":31,"column":4},"end":{"line":31,"column":41}},"3":{"start":{"line":35,"column":4},"end":{"line":35,"column":61}},"4":{"start":{"line":36,"column":4},"end":{"line":36,"column":40}},"5":{"start":{"line":38,"column":4},"end":{"line":38,"column":44}},"6":{"start":{"line":39,"column":4},"end":{"line":39,"column":44}},"7":{"start":{"line":40,"column":4},"end":{"line":40,"column":1075}},"8":{"start":{"line":41,"column":6},"end":{"line":41,"column":49}},"9":{"start":{"line":43,"column":6},"end":{"line":43,"column":1190}},"10":{"start":{"line":44,"column":8},"end":{"line":44,"column":40}},"11":{"start":{"line":48,"column":5},"end":{"line":48,"column":1294}},"12":{"start":{"line":49,"column":8},"end":{"line":49,"column":1422}},"13":{"start":{"line":51,"column":8},"end":{"line":51,"column":62}},"14":{"start":{"line":52,"column":8},"end":{"line":52,"column":1521}},"15":{"start":{"line":53,"column":10},"end":{"line":53,"column":45}},"16":{"start":{"line":54,"column":10},"end":{"line":54,"column":42}},"17":{"start":{"line":59,"column":4},"end":{"line":59,"column":30}},"18":{"start":{"line":67,"column":4},"end":{"line":67,"column":1959}},"19":{"start":{"line":70,"column":4},"end":{"line":70,"column":64}},"20":{"start":{"line":71,"column":4},"end":{"line":71,"column":52}},"21":{"start":{"line":73,"column":4},"end":{"line":73,"column":15}}},"branchMap":{"1":{"line":43,"type":"if","locations":[{"start":{"line":43,"column":6},"end":{"line":43,"column":6}},{"start":{"line":43,"column":6},"end":{"line":43,"column":6}}]},"2":{"line":48,"type":"if","locations":[{"start":{"line":48,"column":5},"end":{"line":48,"column":5}},{"start":{"line":48,"column":5},"end":{"line":48,"column":5}}]},"3":{"line":52,"type":"if","locations":[{"start":{"line":52,"column":8},"end":{"line":52,"column":8}},{"start":{"line":52,"column":8},"end":{"line":52,"column":8}}]},"4":{"line":67,"type":"if","locations":[{"start":{"line":67,"column":4},"end":{"line":67,"column":4}},{"start":{"line":67,"column":4},"end":{"line":67,"column":4}}]}}},"contracts/routing/ScheduledRouter.sol":{"l":{"26":0,"27":0,"31":0,"32":0,"33":0,"35":0,"40":0,"41":0,"42":0},"path":"/home/node/project/contracts/routing/ScheduledRouter.sol","s":{"1":0,"2":0,"3":0,"4":0,"5":0,"6":0,"7":0,"8":0,"9":0},"b":{"1":[0,0],"2":[0,0]},"f":{"1":0,"2":0,"3":0},"fnMap":{"1":{"name":"schedule","line":25,"loc":{"start":{"line":25,"column":2},"end":{"line":25,"column":75}}},"2":{"name":"findDestination","line":30,"loc":{"start":{"line":30,"column":2},"end":{"line":30,"column":73}}},"3":{"name":"setRouteSchedule","line":38,"loc":{"start":{"line":38,"column":2},"end":{"line":39,"column":53}}}},"statementMap":{"1":{"start":{"line":26,"column":4},"end":{"line":26,"column":50}},"2":{"start":{"line":27,"column":4},"end":{"line":27,"column":47}},"3":{"start":{"line":31,"column":4},"end":{"line":31,"column":50}},"4":{"start":{"line":32,"column":4},"end":{"line":32,"column":749}},"5":{"start":{"line":33,"column":6},"end":{"line":33,"column":23}},"6":{"start":{"line":35,"column":4},"end":{"line":35,"column":41}},"7":{"start":{"line":40,"column":4},"end":{"line":40,"column":55}},"8":{"start":{"line":41,"column":4},"end":{"line":41,"column":50}},"9":{"start":{"line":42,"column":4},"end":{"line":42,"column":36}}},"branchMap":{"1":{"line":32,"type":"if","locations":[{"start":{"line":32,"column":4},"end":{"line":32,"column":4}},{"start":{"line":32,"column":4},"end":{"line":32,"column":4}}]},"2":{"line":40,"type":"if","locations":[{"start":{"line":40,"column":4},"end":{"line":40,"column":4}},{"start":{"line":40,"column":4},"end":{"line":40,"column":4}}]}}},"contracts/token/DummyToken.sol":{"l":{"36":0,"37":0,"38":0,"39":0,"40":0,"42":0,"43":0,"47":0,"51":0,"55":0,"59":0,"63":0,"67":0,"71":0,"75":0,"79":0,"85":0,"89":0,"90":0,"92":0,"93":0,"94":0,"95":0,"101":0,"102":0,"103":0,"105":0,"106":0,"107":0,"108":0,"109":0,"113":0,"114":0,"115":0,"121":0,"123":0,"124":0,"130":0,"131":0,"132":0,"134":0,"136":0,"137":0,"141":0,"142":0,"143":0,"147":0,"151":0,"155":0,"156":0,"160":0,"164":0,"168":0,"169":0,"171":0,"172":0,"173":0,"177":0,"178":0},"path":"/home/node/project/contracts/token/DummyToken.sol","s":{"1":0,"2":0,"3":0,"4":0,"5":0,"6":0,"7":0,"8":0,"9":0,"10":0,"11":0,"12":0,"13":0,"14":0,"15":0,"16":0,"17":0,"18":0,"19":0,"20":0,"21":0,"22":0,"23":0,"24":0,"25":0,"26":0,"27":0,"28":0,"29":0,"30":0,"31":0,"32":0,"33":0,"34":0,"35":0,"36":0,"37":0,"38":0,"39":0,"40":0,"41":0,"42":0,"43":0,"44":0,"45":0,"46":0,"47":0,"48":0,"49":0,"50":0,"51":0,"52":0,"53":0,"54":0,"55":0,"56":0,"57":0,"58":0,"59":0},"b":{"1":[0,0],"2":[0,0],"3":[0,0],"4":[0,0],"5":[0,0],"6":[0,0],"7":[0,0],"8":[0,0],"9":[0,0]},"f":{"1":0,"2":0,"3":0,"4":0,"5":0,"6":0,"7":0,"8":0,"9":0,"10":0,"11":0,"12":0,"13":0,"14":0,"15":0,"16":0,"17":0,"18":0,"19":0,"20":0,"21":0,"22":0,"23":0,"24":0},"fnMap":{"1":{"name":"constructor","line":30,"loc":{"start":{"line":30,"column":2},"end":{"line":35,"column":3}}},"2":{"name":"name","line":46,"loc":{"start":{"line":46,"column":2},"end":{"line":46,"column":53}}},"3":{"name":"symbol","line":50,"loc":{"start":{"line":50,"column":2},"end":{"line":50,"column":55}}},"4":{"name":"decimal","line":54,"loc":{"start":{"line":54,"column":2},"end":{"line":54,"column":50}}},"5":{"name":"totalSupply","line":58,"loc":{"start":{"line":58,"column":2},"end":{"line":58,"column":54}}},"6":{"name":"balanceOf","line":62,"loc":{"start":{"line":62,"column":2},"end":{"line":62,"column":66}}},"7":{"name":"rate","line":66,"loc":{"start":{"line":66,"column":2},"end":{"line":66,"column":47}}},"8":{"name":"rateAt","line":70,"loc":{"start":{"line":70,"column":2},"end":{"line":70,"column":49}}},"9":{"name":"interest","line":74,"loc":{"start":{"line":74,"column":2},"end":{"line":74,"column":51}}},"10":{"name":"twin","line":78,"loc":{"start":{"line":78,"column":2},"end":{"line":78,"column":46}}},"11":{"name":"allowance","line":82,"loc":{"start":{"line":82,"column":2},"end":{"line":84,"column":3}}},"12":{"name":"transfer","line":88,"loc":{"start":{"line":88,"column":2},"end":{"line":88,"column":70}}},"13":{"name":"transferFrom","line":98,"loc":{"start":{"line":98,"column":2},"end":{"line":100,"column":3}}},"14":{"name":"approve","line":112,"loc":{"start":{"line":112,"column":2},"end":{"line":112,"column":74}}},"15":{"name":"increaseApproval","line":118,"loc":{"start":{"line":118,"column":2},"end":{"line":120,"column":3}}},"16":{"name":"decreaseApproval","line":127,"loc":{"start":{"line":127,"column":2},"end":{"line":129,"column":3}}},"17":{"name":"updateToken","line":140,"loc":{"start":{"line":140,"column":2},"end":{"line":140,"column":91}}},"18":{"name":"updateSupply","line":146,"loc":{"start":{"line":146,"column":2},"end":{"line":146,"column":52}}},"19":{"name":"updateBalance","line":150,"loc":{"start":{"line":150,"column":2},"end":{"line":150,"column":65}}},"20":{"name":"updateRate","line":154,"loc":{"start":{"line":154,"column":2},"end":{"line":154,"column":43}}},"21":{"name":"updateTwin","line":159,"loc":{"start":{"line":159,"column":2},"end":{"line":159,"column":42}}},"22":{"name":"createTwin","line":163,"loc":{"start":{"line":163,"column":2},"end":{"line":163,"column":30}}},"23":{"name":"transferNoEvent","line":167,"loc":{"start":{"line":167,"column":2},"end":{"line":167,"column":77}}},"24":{"name":"transferTwin","line":176,"loc":{"start":{"line":176,"column":2},"end":{"line":176,"column":74}}}},"statementMap":{"1":{"start":{"line":36,"column":4},"end":{"line":36,"column":16}},"2":{"start":{"line":37,"column":4},"end":{"line":37,"column":20}},"3":{"start":{"line":38,"column":4},"end":{"line":38,"column":22}},"4":{"start":{"line":39,"column":4},"end":{"line":39,"column":30}},"5":{"start":{"line":40,"column":4},"end":{"line":40,"column":38}},"6":{"start":{"line":42,"column":4},"end":{"line":42,"column":12}},"7":{"start":{"line":43,"column":4},"end":{"line":43,"column":16}},"8":{"start":{"line":47,"column":4},"end":{"line":47,"column":16}},"9":{"start":{"line":51,"column":4},"end":{"line":51,"column":18}},"10":{"start":{"line":55,"column":4},"end":{"line":55,"column":19}},"11":{"start":{"line":59,"column":4},"end":{"line":59,"column":48}},"12":{"start":{"line":63,"column":4},"end":{"line":63,"column":52}},"13":{"start":{"line":67,"column":4},"end":{"line":67,"column":16}},"14":{"start":{"line":71,"column":4},"end":{"line":71,"column":18}},"15":{"start":{"line":75,"column":4},"end":{"line":75,"column":43}},"16":{"start":{"line":79,"column":4},"end":{"line":79,"column":16}},"17":{"start":{"line":85,"column":4},"end":{"line":85,"column":36}},"18":{"start":{"line":89,"column":4},"end":{"line":89,"column":29}},"19":{"start":{"line":90,"column":4},"end":{"line":90,"column":42}},"20":{"start":{"line":92,"column":4},"end":{"line":92,"column":58}},"21":{"start":{"line":93,"column":4},"end":{"line":93,"column":44}},"22":{"start":{"line":94,"column":4},"end":{"line":94,"column":42}},"23":{"start":{"line":95,"column":4},"end":{"line":95,"column":15}},"24":{"start":{"line":101,"column":4},"end":{"line":101,"column":29}},"25":{"start":{"line":102,"column":4},"end":{"line":102,"column":37}},"26":{"start":{"line":103,"column":4},"end":{"line":103,"column":48}},"27":{"start":{"line":105,"column":4},"end":{"line":105,"column":48}},"28":{"start":{"line":106,"column":4},"end":{"line":106,"column":44}},"29":{"start":{"line":107,"column":4},"end":{"line":107,"column":70}},"30":{"start":{"line":108,"column":4},"end":{"line":108,"column":37}},"31":{"start":{"line":109,"column":4},"end":{"line":109,"column":15}},"32":{"start":{"line":113,"column":4},"end":{"line":113,"column":41}},"33":{"start":{"line":114,"column":4},"end":{"line":114,"column":47}},"34":{"start":{"line":115,"column":4},"end":{"line":115,"column":15}},"35":{"start":{"line":121,"column":4},"end":{"line":121,"column":2937}},"36":{"start":{"line":123,"column":4},"end":{"line":123,"column":70}},"37":{"start":{"line":124,"column":4},"end":{"line":124,"column":15}},"38":{"start":{"line":130,"column":4},"end":{"line":130,"column":49}},"39":{"start":{"line":131,"column":4},"end":{"line":131,"column":3226}},"40":{"start":{"line":132,"column":6},"end":{"line":132,"column":38}},"41":{"start":{"line":134,"column":6},"end":{"line":134,"column":67}},"42":{"start":{"line":136,"column":4},"end":{"line":136,"column":70}},"43":{"start":{"line":137,"column":4},"end":{"line":137,"column":15}},"44":{"start":{"line":141,"column":4},"end":{"line":141,"column":16}},"45":{"start":{"line":142,"column":4},"end":{"line":142,"column":20}},"46":{"start":{"line":143,"column":4},"end":{"line":143,"column":22}},"47":{"start":{"line":147,"column":4},"end":{"line":147,"column":30}},"48":{"start":{"line":151,"column":4},"end":{"line":151,"column":30}},"49":{"start":{"line":155,"column":4},"end":{"line":155,"column":16}},"50":{"start":{"line":156,"column":4},"end":{"line":156,"column":16}},"51":{"start":{"line":160,"column":4},"end":{"line":160,"column":16}},"52":{"start":{"line":164,"column":4},"end":{"line":164,"column":65}},"53":{"start":{"line":168,"column":4},"end":{"line":168,"column":29}},"54":{"start":{"line":169,"column":4},"end":{"line":169,"column":42}},"55":{"start":{"line":171,"column":4},"end":{"line":171,"column":58}},"56":{"start":{"line":172,"column":4},"end":{"line":172,"column":44}},"57":{"start":{"line":173,"column":4},"end":{"line":173,"column":15}},"58":{"start":{"line":177,"column":4},"end":{"line":177,"column":40}},"59":{"start":{"line":178,"column":4},"end":{"line":178,"column":38}}},"branchMap":{"1":{"line":89,"type":"if","locations":[{"start":{"line":89,"column":4},"end":{"line":89,"column":4}},{"start":{"line":89,"column":4},"end":{"line":89,"column":4}}]},"2":{"line":90,"type":"if","locations":[{"start":{"line":90,"column":4},"end":{"line":90,"column":4}},{"start":{"line":90,"column":4},"end":{"line":90,"column":4}}]},"3":{"line":101,"type":"if","locations":[{"start":{"line":101,"column":4},"end":{"line":101,"column":4}},{"start":{"line":101,"column":4},"end":{"line":101,"column":4}}]},"4":{"line":102,"type":"if","locations":[{"start":{"line":102,"column":4},"end":{"line":102,"column":4}},{"start":{"line":102,"column":4},"end":{"line":102,"column":4}}]},"5":{"line":103,"type":"if","locations":[{"start":{"line":103,"column":4},"end":{"line":103,"column":4}},{"start":{"line":103,"column":4},"end":{"line":103,"column":4}}]},"6":{"line":131,"type":"if","locations":[{"start":{"line":131,"column":4},"end":{"line":131,"column":4}},{"start":{"line":131,"column":4},"end":{"line":131,"column":4}}]},"7":{"line":168,"type":"if","locations":[{"start":{"line":168,"column":4},"end":{"line":168,"column":4}},{"start":{"line":168,"column":4},"end":{"line":168,"column":4}}]},"8":{"line":169,"type":"if","locations":[{"start":{"line":169,"column":4},"end":{"line":169,"column":4}},{"start":{"line":169,"column":4},"end":{"line":169,"column":4}}]},"9":{"line":177,"type":"if","locations":[{"start":{"line":177,"column":4},"end":{"line":177,"column":4}},{"start":{"line":177,"column":4},"end":{"line":177,"column":4}}]}}},"contracts/token/ERC20Token.sol":{"l":{"31":17,"32":17,"33":17,"34":17,"35":17,"39":1,"43":1,"47":1,"51":2,"55":4,"61":1,"65":5,"66":5,"68":5,"69":5,"70":5,"71":5,"77":3,"78":3,"79":3,"81":1,"82":1,"83":1,"84":1,"85":1,"89":6,"90":6,"91":6,"97":1,"99":1,"100":1,"106":2,"107":2,"108":0,"110":2,"112":2,"113":2},"path":"/home/node/project/contracts/token/ERC20Token.sol","s":{"1":17,"2":17,"3":17,"4":17,"5":17,"6":1,"7":1,"8":1,"9":2,"10":4,"11":1,"12":5,"13":5,"14":5,"15":5,"16":5,"17":5,"18":3,"19":3,"20":3,"21":1,"22":1,"23":1,"24":1,"25":1,"26":6,"27":6,"28":6,"29":1,"30":1,"31":1,"32":2,"33":2,"34":0,"35":2,"36":2,"37":2},"b":{"1":[5,0],"2":[5,0],"3":[3,0],"4":[3,0],"5":[1,2],"6":[0,2]},"f":{"1":17,"2":1,"3":1,"4":1,"5":2,"6":4,"7":1,"8":5,"9":3,"10":6,"11":1,"12":2},"fnMap":{"1":{"name":"constructor","line":25,"loc":{"start":{"line":25,"column":2},"end":{"line":30,"column":3}}},"2":{"name":"name","line":38,"loc":{"start":{"line":38,"column":2},"end":{"line":38,"column":53}}},"3":{"name":"symbol","line":42,"loc":{"start":{"line":42,"column":2},"end":{"line":42,"column":55}}},"4":{"name":"decimal","line":46,"loc":{"start":{"line":46,"column":2},"end":{"line":46,"column":50}}},"5":{"name":"totalSupply","line":50,"loc":{"start":{"line":50,"column":2},"end":{"line":50,"column":54}}},"6":{"name":"balanceOf","line":54,"loc":{"start":{"line":54,"column":2},"end":{"line":54,"column":66}}},"7":{"name":"allowance","line":58,"loc":{"start":{"line":58,"column":2},"end":{"line":60,"column":3}}},"8":{"name":"transfer","line":64,"loc":{"start":{"line":64,"column":2},"end":{"line":64,"column":70}}},"9":{"name":"transferFrom","line":74,"loc":{"start":{"line":74,"column":2},"end":{"line":76,"column":3}}},"10":{"name":"approve","line":88,"loc":{"start":{"line":88,"column":2},"end":{"line":88,"column":74}}},"11":{"name":"increaseApproval","line":94,"loc":{"start":{"line":94,"column":2},"end":{"line":96,"column":3}}},"12":{"name":"decreaseApproval","line":103,"loc":{"start":{"line":103,"column":2},"end":{"line":105,"column":3}}}},"statementMap":{"1":{"start":{"line":31,"column":4},"end":{"line":31,"column":16}},"2":{"start":{"line":32,"column":4},"end":{"line":32,"column":20}},"3":{"start":{"line":33,"column":4},"end":{"line":33,"column":22}},"4":{"start":{"line":34,"column":4},"end":{"line":34,"column":30}},"5":{"start":{"line":35,"column":4},"end":{"line":35,"column":38}},"6":{"start":{"line":39,"column":4},"end":{"line":39,"column":16}},"7":{"start":{"line":43,"column":4},"end":{"line":43,"column":18}},"8":{"start":{"line":47,"column":4},"end":{"line":47,"column":19}},"9":{"start":{"line":51,"column":4},"end":{"line":51,"column":23}},"10":{"start":{"line":55,"column":4},"end":{"line":55,"column":27}},"11":{"start":{"line":61,"column":4},"end":{"line":61,"column":36}},"12":{"start":{"line":65,"column":4},"end":{"line":65,"column":29}},"13":{"start":{"line":66,"column":4},"end":{"line":66,"column":42}},"14":{"start":{"line":68,"column":4},"end":{"line":68,"column":58}},"15":{"start":{"line":69,"column":4},"end":{"line":69,"column":44}},"16":{"start":{"line":70,"column":4},"end":{"line":70,"column":42}},"17":{"start":{"line":71,"column":4},"end":{"line":71,"column":15}},"18":{"start":{"line":77,"column":4},"end":{"line":77,"column":29}},"19":{"start":{"line":78,"column":4},"end":{"line":78,"column":37}},"20":{"start":{"line":79,"column":4},"end":{"line":79,"column":48}},"21":{"start":{"line":81,"column":4},"end":{"line":81,"column":48}},"22":{"start":{"line":82,"column":4},"end":{"line":82,"column":44}},"23":{"start":{"line":83,"column":4},"end":{"line":83,"column":70}},"24":{"start":{"line":84,"column":4},"end":{"line":84,"column":37}},"25":{"start":{"line":85,"column":4},"end":{"line":85,"column":15}},"26":{"start":{"line":89,"column":4},"end":{"line":89,"column":41}},"27":{"start":{"line":90,"column":4},"end":{"line":90,"column":47}},"28":{"start":{"line":91,"column":4},"end":{"line":91,"column":15}},"29":{"start":{"line":97,"column":4},"end":{"line":97,"column":2482}},"30":{"start":{"line":99,"column":4},"end":{"line":99,"column":70}},"31":{"start":{"line":100,"column":4},"end":{"line":100,"column":15}},"32":{"start":{"line":106,"column":4},"end":{"line":106,"column":49}},"33":{"start":{"line":107,"column":4},"end":{"line":107,"column":2771}},"34":{"start":{"line":108,"column":6},"end":{"line":108,"column":38}},"35":{"start":{"line":110,"column":6},"end":{"line":110,"column":67}},"36":{"start":{"line":112,"column":4},"end":{"line":112,"column":70}},"37":{"start":{"line":113,"column":4},"end":{"line":113,"column":15}}},"branchMap":{"1":{"line":65,"type":"if","locations":[{"start":{"line":65,"column":4},"end":{"line":65,"column":4}},{"start":{"line":65,"column":4},"end":{"line":65,"column":4}}]},"2":{"line":66,"type":"if","locations":[{"start":{"line":66,"column":4},"end":{"line":66,"column":4}},{"start":{"line":66,"column":4},"end":{"line":66,"column":4}}]},"3":{"line":77,"type":"if","locations":[{"start":{"line":77,"column":4},"end":{"line":77,"column":4}},{"start":{"line":77,"column":4},"end":{"line":77,"column":4}}]},"4":{"line":78,"type":"if","locations":[{"start":{"line":78,"column":4},"end":{"line":78,"column":4}},{"start":{"line":78,"column":4},"end":{"line":78,"column":4}}]},"5":{"line":79,"type":"if","locations":[{"start":{"line":79,"column":4},"end":{"line":79,"column":4}},{"start":{"line":79,"column":4},"end":{"line":79,"column":4}}]},"6":{"line":107,"type":"if","locations":[{"start":{"line":107,"column":4},"end":{"line":107,"column":4}},{"start":{"line":107,"column":4},"end":{"line":107,"column":4}}]}}}}