{
"contracts/governance/Operator.sol":{"l":{"29":208,"30":203,"37":2,"44":2,"55":59,"57":57,"58":2,"60":57,"62":57,"63":65,"64":65,"66":57},"path":"/home/node/project/contracts/governance/Operator.sol","s":{"1":208,"2":2,"3":2,"4":59,"5":57,"6":57,"7":57,"8":65,"9":65,"10":57},"b":{"1":[203,5],"2":[57,2]},"f":{"1":208,"2":2,"3":2,"4":59},"fnMap":{"1":{"name":"onlyOperator","line":28,"loc":{"start":{"line":28,"column":2},"end":{"line":28,"column":23}}},"2":{"name":"operatorCount","line":36,"loc":{"start":{"line":36,"column":2},"end":{"line":36,"column":56}}},"3":{"name":"operatorAddress","line":43,"loc":{"start":{"line":43,"column":2},"end":{"line":43,"column":75}}},"4":{"name":"defineOperators","line":53,"loc":{"start":{"line":53,"column":19},"end":{"line":54,"column":3}}}},"statementMap":{"1":{"start":{"line":29,"column":4},"end":{"line":29,"column":47}},"2":{"start":{"line":37,"column":4},"end":{"line":37,"column":27}},"3":{"start":{"line":44,"column":4},"end":{"line":44,"column":33}},"4":{"start":{"line":55,"column":4},"end":{"line":55,"column":54}},"5":{"start":{"line":57,"column":4},"end":{"line":57,"column":1305}},"6":{"start":{"line":60,"column":4},"end":{"line":60,"column":43}},"7":{"start":{"line":62,"column":4},"end":{"line":62,"column":1450}},"8":{"start":{"line":63,"column":6},"end":{"line":63,"column":52}},"9":{"start":{"line":64,"column":6},"end":{"line":64,"column":46}},"10":{"start":{"line":66,"column":4},"end":{"line":66,"column":25}}},"branchMap":{"1":{"line":29,"type":"if","locations":[{"start":{"line":29,"column":4},"end":{"line":29,"column":4}},{"start":{"line":29,"column":4},"end":{"line":29,"column":4}}]},"2":{"line":55,"type":"if","locations":[{"start":{"line":55,"column":4},"end":{"line":55,"column":4}},{"start":{"line":55,"column":4},"end":{"line":55,"column":4}}]}}},
"contracts/governance/Ownable.sol":{"l":{"24":61,"31":61,"32":59,"39":0,"40":0,"48":0,"56":0,"57":0,"58":0},"path":"/home/node/project/contracts/governance/Ownable.sol","s":{"1":61,"2":61,"3":0,"4":0,"5":0,"6":0,"7":0,"8":0},"b":{"1":[59,2],"2":[0,0]},"f":{"1":61,"2":61,"3":0,"4":0,"5":0},"fnMap":{"1":{"name":"constructor","line":23,"loc":{"start":{"line":23,"column":2},"end":{"line":23,"column":22}}},"2":{"name":"onlyOwner","line":30,"loc":{"start":{"line":30,"column":2},"end":{"line":30,"column":22}}},"3":{"name":"renounceOwnership","line":38,"loc":{"start":{"line":38,"column":46},"end":{"line":38,"column":3}}},"4":{"name":"transferOwnership","line":47,"loc":{"start":{"line":47,"column":63},"end":{"line":47,"column":3}}},"5":{"name":"_transferOwnership","line":55,"loc":{"start":{"line":55,"column":2},"end":{"line":55,"column":57}}}},"statementMap":{"1":{"start":{"line":24,"column":4},"end":{"line":24,"column":21}},"2":{"start":{"line":31,"column":4},"end":{"line":31,"column":31}},"3":{"start":{"line":39,"column":4},"end":{"line":39,"column":34}},"4":{"start":{"line":40,"column":4},"end":{"line":40,"column":21}},"5":{"start":{"line":48,"column":4},"end":{"line":48,"column":32}},"6":{"start":{"line":56,"column":4},"end":{"line":56,"column":35}},"7":{"start":{"line":57,"column":4},"end":{"line":57,"column":47}},"8":{"start":{"line":58,"column":4},"end":{"line":58,"column":20}}},"branchMap":{"1":{"line":31,"type":"if","locations":[{"start":{"line":31,"column":4},"end":{"line":31,"column":4}},{"start":{"line":31,"column":4},"end":{"line":31,"column":4}}]},"2":{"line":56,"type":"if","locations":[{"start":{"line":56,"column":4},"end":{"line":56,"column":4}},{"start":{"line":56,"column":4},"end":{"line":56,"column":4}}]}}},
"contracts/interface/IERC20.sol":{"l":{},"path":"/home/node/project/contracts/interface/IERC20.sol","s":{},"b":{},"f":{},"fnMap":{},"statementMap":{},"branchMap":{}},
"contracts/interface/IRouter.sol":{"l":{},"path":"/home/node/project/contracts/interface/IRouter.sol","s":{},"b":{},"f":{},"fnMap":{},"statementMap":{},"branchMap":{}},
"contracts/interface/IUserRegistry.sol":{"l":{},"path":"/home/node/project/contracts/interface/IUserRegistry.sol","s":{},"b":{},"f":{},"fnMap":{},"statementMap":{},"branchMap":{}},
"contracts/math/SafeMath.sol":{"l":{"17":0,"18":0,"21":0,"22":0,"23":0,"33":0,"40":9,"41":9,"48":7,"49":7,"50":7},"path":"/home/node/project/contracts/math/SafeMath.sol","s":{"1":0,"2":0,"3":0,"4":0,"5":0,"6":0,"7":9,"8":9,"9":7,"10":7,"11":7},"b":{"1":[0,0],"2":[0,0],"3":[9,0],"4":[7,0]},"f":{"1":0,"2":0,"3":9,"4":7},"fnMap":{"1":{"name":"mul","line":13,"loc":{"start":{"line":13,"column":2},"end":{"line":13,"column":70}}},"2":{"name":"div","line":29,"loc":{"start":{"line":29,"column":2},"end":{"line":29,"column":68}}},"3":{"name":"sub","line":39,"loc":{"start":{"line":39,"column":2},"end":{"line":39,"column":68}}},"4":{"name":"add","line":47,"loc":{"start":{"line":47,"column":2},"end":{"line":47,"column":70}}}},"statementMap":{"1":{"start":{"line":17,"column":4},"end":{"line":17,"column":495}},"2":{"start":{"line":18,"column":6},"end":{"line":18,"column":14}},"3":{"start":{"line":21,"column":4},"end":{"line":21,"column":12}},"4":{"start":{"line":22,"column":4},"end":{"line":22,"column":21}},"5":{"start":{"line":23,"column":4},"end":{"line":23,"column":12}},"6":{"start":{"line":33,"column":4},"end":{"line":33,"column":16}},"7":{"start":{"line":40,"column":4},"end":{"line":40,"column":17}},"8":{"start":{"line":41,"column":4},"end":{"line":41,"column":16}},"9":{"start":{"line":48,"column":4},"end":{"line":48,"column":12}},"10":{"start":{"line":49,"column":4},"end":{"line":49,"column":17}},"11":{"start":{"line":50,"column":4},"end":{"line":50,"column":12}}},"branchMap":{"1":{"line":17,"type":"if","locations":[{"start":{"line":17,"column":4},"end":{"line":17,"column":4}},{"start":{"line":17,"column":4},"end":{"line":17,"column":4}}]},"2":{"line":22,"type":"if","locations":[{"start":{"line":22,"column":4},"end":{"line":22,"column":4}},{"start":{"line":22,"column":4},"end":{"line":22,"column":4}}]},"3":{"line":40,"type":"if","locations":[{"start":{"line":40,"column":4},"end":{"line":40,"column":4}},{"start":{"line":40,"column":4},"end":{"line":40,"column":4}}]},"4":{"line":49,"type":"if","locations":[{"start":{"line":49,"column":4},"end":{"line":49,"column":4}},{"start":{"line":49,"column":4},"end":{"line":49,"column":4}}]}}},
"contracts/registry/UserRegistry.sol":{"l":{"41":49,"42":112,"50":4,"57":10,"64":3,"65":3,"66":3,"68":0,"75":7,"82":15,"91":4,"98":4,"105":3,"114":3,"123":1,"124":2,"134":86,"135":82,"136":78,"138":78,"147":30,"148":28,"149":54,"159":3,"168":1,"169":3,"177":3,"184":3,"185":3,"186":1,"193":14,"194":10,"195":8,"202":9,"203":5,"204":3,"213":5,"214":8,"224":3,"225":4,"237":33,"238":29,"239":29,"250":3,"251":4,"261":7,"262":3,"273":3,"274":4,"284":117,"285":115,"286":115,"288":115,"289":115,"296":10,"297":10,"298":6,"299":6,"307":10},"path":"/home/node/project/contracts/registry/UserRegistry.sol","s":{"1":49,"2":112,"3":4,"4":10,"5":3,"6":3,"7":3,"8":0,"9":7,"10":15,"11":4,"12":4,"13":3,"14":3,"15":1,"16":2,"17":86,"18":82,"19":78,"20":78,"21":30,"22":28,"23":54,"24":3,"25":1,"26":3,"27":3,"28":3,"29":3,"30":1,"31":14,"32":10,"33":8,"34":9,"35":5,"36":3,"37":5,"38":8,"39":3,"40":4,"41":33,"42":29,"43":29,"44":3,"45":4,"46":7,"47":3,"48":3,"49":4,"50":117,"51":115,"52":115,"53":115,"54":115,"55":10,"56":10,"57":6,"58":10},"b":{"1":[3,0],"2":[82,4],"3":[78,4],"4":[28,2],"5":[1,2],"6":[10,4],"7":[8,2],"8":[5,4],"9":[3,2],"10":[29,4],"11":[3,4],"12":[115,2],"13":[6,4]},"f":{"1":49,"2":4,"3":10,"4":3,"5":7,"6":15,"7":4,"8":4,"9":3,"10":3,"11":1,"12":86,"13":30,"14":3,"15":1,"16":3,"17":3,"18":14,"19":9,"20":5,"21":3,"22":33,"23":3,"24":7,"25":3,"26":117,"27":10,"28":10},"fnMap":{"1":{"name":"constructor","line":40,"loc":{"start":{"line":40,"column":2},"end":{"line":40,"column":74}}},"2":{"name":"userCount","line":49,"loc":{"start":{"line":49,"column":2},"end":{"line":49,"column":61}}},"3":{"name":"userId","line":56,"loc":{"start":{"line":56,"column":2},"end":{"line":56,"column":74}}},"4":{"name":"validUserId","line":63,"loc":{"start":{"line":63,"column":2},"end":{"line":63,"column":79}}},"5":{"name":"validUntilTime","line":74,"loc":{"start":{"line":74,"column":2},"end":{"line":74,"column":81}}},"6":{"name":"suspended","line":81,"loc":{"start":{"line":81,"column":2},"end":{"line":81,"column":73}}},"7":{"name":"extended","line":88,"loc":{"start":{"line":88,"column":2},"end":{"line":90,"column":3}}},"8":{"name":"isAddressValid","line":97,"loc":{"start":{"line":97,"column":2},"end":{"line":97,"column":79}}},"9":{"name":"isValid","line":104,"loc":{"start":{"line":104,"column":2},"end":{"line":104,"column":71}}},"10":{"name":"registerUser","line":112,"loc":{"start":{"line":112,"column":31},"end":{"line":113,"column":3}}},"11":{"name":"registerManyUsers","line":121,"loc":{"start":{"line":121,"column":31},"end":{"line":122,"column":3}}},"12":{"name":"attachAddress","line":132,"loc":{"start":{"line":132,"column":31},"end":{"line":133,"column":3}}},"13":{"name":"attachManyAddresses","line":145,"loc":{"start":{"line":145,"column":31},"end":{"line":146,"column":3}}},"14":{"name":"detachAddress","line":157,"loc":{"start":{"line":157,"column":31},"end":{"line":158,"column":3}}},"15":{"name":"detachManyAddresses","line":166,"loc":{"start":{"line":166,"column":31},"end":{"line":167,"column":3}}},"16":{"name":"detachSelf","line":176,"loc":{"start":{"line":176,"column":2},"end":{"line":176,"column":39}}},"17":{"name":"detachSelfAddress","line":183,"loc":{"start":{"line":183,"column":2},"end":{"line":183,"column":62}}},"18":{"name":"suspendUser","line":192,"loc":{"start":{"line":192,"column":67},"end":{"line":192,"column":3}}},"19":{"name":"unsuspendUser","line":201,"loc":{"start":{"line":201,"column":69},"end":{"line":201,"column":3}}},"20":{"name":"suspendManyUsers","line":211,"loc":{"start":{"line":211,"column":31},"end":{"line":212,"column":3}}},"21":{"name":"unsuspendManyUsers","line":222,"loc":{"start":{"line":222,"column":31},"end":{"line":223,"column":3}}},"22":{"name":"updateUser","line":235,"loc":{"start":{"line":235,"column":48},"end":{"line":236,"column":3}}},"23":{"name":"updateManyUsers","line":248,"loc":{"start":{"line":248,"column":48},"end":{"line":249,"column":3}}},"24":{"name":"updateUserExtended","line":259,"loc":{"start":{"line":259,"column":31},"end":{"line":260,"column":3}}},"25":{"name":"updateManyUsersExtended","line":271,"loc":{"start":{"line":271,"column":47},"end":{"line":272,"column":3}}},"26":{"name":"registerUserInternal","line":281,"loc":{"start":{"line":281,"column":2},"end":{"line":283,"column":3}}},"27":{"name":"detachAddressInternal","line":295,"loc":{"start":{"line":295,"column":2},"end":{"line":295,"column":59}}},"28":{"name":"isValidInternal","line":305,"loc":{"start":{"line":305,"column":2},"end":{"line":305,"column":74}}}},"statementMap":{"1":{"start":{"line":41,"column":4},"end":{"line":41,"column":1016}},"2":{"start":{"line":42,"column":6},"end":{"line":42,"column":57}},"3":{"start":{"line":50,"column":4},"end":{"line":50,"column":21}},"4":{"start":{"line":57,"column":4},"end":{"line":57,"column":33}},"5":{"start":{"line":64,"column":4},"end":{"line":64,"column":50}},"6":{"start":{"line":65,"column":4},"end":{"line":65,"column":1689}},"7":{"start":{"line":66,"column":6},"end":{"line":66,"column":26}},"8":{"start":{"line":68,"column":4},"end":{"line":68,"column":12}},"9":{"start":{"line":75,"column":4},"end":{"line":75,"column":40}},"10":{"start":{"line":82,"column":4},"end":{"line":82,"column":35}},"11":{"start":{"line":91,"column":4},"end":{"line":91,"column":40}},"12":{"start":{"line":98,"column":4},"end":{"line":98,"column":57}},"13":{"start":{"line":105,"column":4},"end":{"line":105,"column":42}},"14":{"start":{"line":114,"column":4},"end":{"line":114,"column":50}},"15":{"start":{"line":123,"column":4},"end":{"line":123,"column":3080}},"16":{"start":{"line":124,"column":6},"end":{"line":124,"column":57}},"17":{"start":{"line":134,"column":4},"end":{"line":134,"column":56}},"18":{"start":{"line":135,"column":4},"end":{"line":135,"column":47}},"19":{"start":{"line":136,"column":4},"end":{"line":136,"column":35}},"20":{"start":{"line":138,"column":4},"end":{"line":138,"column":43}},"21":{"start":{"line":147,"column":4},"end":{"line":147,"column":56}},"22":{"start":{"line":148,"column":4},"end":{"line":148,"column":3793}},"23":{"start":{"line":149,"column":6},"end":{"line":149,"column":46}},"24":{"start":{"line":159,"column":4},"end":{"line":159,"column":34}},"25":{"start":{"line":168,"column":4},"end":{"line":168,"column":4304}},"26":{"start":{"line":169,"column":6},"end":{"line":169,"column":41}},"27":{"start":{"line":177,"column":4},"end":{"line":177,"column":36}},"28":{"start":{"line":184,"column":4},"end":{"line":184,"column":51}},"29":{"start":{"line":185,"column":4},"end":{"line":185,"column":58}},"30":{"start":{"line":186,"column":4},"end":{"line":186,"column":34}},"31":{"start":{"line":193,"column":4},"end":{"line":193,"column":56}},"32":{"start":{"line":194,"column":4},"end":{"line":194,"column":45}},"33":{"start":{"line":195,"column":4},"end":{"line":195,"column":34}},"34":{"start":{"line":202,"column":4},"end":{"line":202,"column":56}},"35":{"start":{"line":203,"column":4},"end":{"line":203,"column":44}},"36":{"start":{"line":204,"column":4},"end":{"line":204,"column":35}},"37":{"start":{"line":213,"column":4},"end":{"line":213,"column":5525}},"38":{"start":{"line":214,"column":6},"end":{"line":214,"column":29}},"39":{"start":{"line":224,"column":4},"end":{"line":224,"column":5757}},"40":{"start":{"line":225,"column":6},"end":{"line":225,"column":31}},"41":{"start":{"line":237,"column":4},"end":{"line":237,"column":56}},"42":{"start":{"line":238,"column":4},"end":{"line":238,"column":50}},"43":{"start":{"line":239,"column":4},"end":{"line":239,"column":40}},"44":{"start":{"line":250,"column":4},"end":{"line":250,"column":6359}},"45":{"start":{"line":251,"column":6},"end":{"line":251,"column":57}},"46":{"start":{"line":261,"column":4},"end":{"line":261,"column":56}},"47":{"start":{"line":262,"column":4},"end":{"line":262,"column":41}},"48":{"start":{"line":273,"column":4},"end":{"line":273,"column":6958}},"49":{"start":{"line":274,"column":6},"end":{"line":274,"column":50}},"50":{"start":{"line":284,"column":4},"end":{"line":284,"column":47}},"51":{"start":{"line":285,"column":4},"end":{"line":285,"column":53}},"52":{"start":{"line":286,"column":4},"end":{"line":286,"column":38}},"53":{"start":{"line":288,"column":4},"end":{"line":288,"column":35}},"54":{"start":{"line":289,"column":4},"end":{"line":289,"column":46}},"55":{"start":{"line":296,"column":4},"end":{"line":296,"column":50}},"56":{"start":{"line":297,"column":4},"end":{"line":297,"column":38}},"57":{"start":{"line":298,"column":4},"end":{"line":298,"column":49}},"58":{"start":{"line":307,"column":4},"end":{"line":307,"column":55}}},"branchMap":{"1":{"line":65,"type":"if","locations":[{"start":{"line":65,"column":4},"end":{"line":65,"column":4}},{"start":{"line":65,"column":4},"end":{"line":65,"column":4}}]},"2":{"line":134,"type":"if","locations":[{"start":{"line":134,"column":4},"end":{"line":134,"column":4}},{"start":{"line":134,"column":4},"end":{"line":134,"column":4}}]},"3":{"line":135,"type":"if","locations":[{"start":{"line":135,"column":4},"end":{"line":135,"column":4}},{"start":{"line":135,"column":4},"end":{"line":135,"column":4}}]},"4":{"line":147,"type":"if","locations":[{"start":{"line":147,"column":4},"end":{"line":147,"column":4}},{"start":{"line":147,"column":4},"end":{"line":147,"column":4}}]},"5":{"line":185,"type":"if","locations":[{"start":{"line":185,"column":4},"end":{"line":185,"column":4}},{"start":{"line":185,"column":4},"end":{"line":185,"column":4}}]},"6":{"line":193,"type":"if","locations":[{"start":{"line":193,"column":4},"end":{"line":193,"column":4}},{"start":{"line":193,"column":4},"end":{"line":193,"column":4}}]},"7":{"line":194,"type":"if","locations":[{"start":{"line":194,"column":4},"end":{"line":194,"column":4}},{"start":{"line":194,"column":4},"end":{"line":194,"column":4}}]},"8":{"line":202,"type":"if","locations":[{"start":{"line":202,"column":4},"end":{"line":202,"column":4}},{"start":{"line":202,"column":4},"end":{"line":202,"column":4}}]},"9":{"line":203,"type":"if","locations":[{"start":{"line":203,"column":4},"end":{"line":203,"column":4}},{"start":{"line":203,"column":4},"end":{"line":203,"column":4}}]},"10":{"line":237,"type":"if","locations":[{"start":{"line":237,"column":4},"end":{"line":237,"column":4}},{"start":{"line":237,"column":4},"end":{"line":237,"column":4}}]},"11":{"line":261,"type":"if","locations":[{"start":{"line":261,"column":4},"end":{"line":261,"column":4}},{"start":{"line":261,"column":4},"end":{"line":261,"column":4}}]},"12":{"line":284,"type":"if","locations":[{"start":{"line":284,"column":4},"end":{"line":284,"column":4}},{"start":{"line":284,"column":4},"end":{"line":284,"column":4}}]},"13":{"line":297,"type":"if","locations":[{"start":{"line":297,"column":4},"end":{"line":297,"column":4}},{"start":{"line":297,"column":4},"end":{"line":297,"column":4}}]}}},
"contracts/routing/BasicRouter.sol":{"l":{"34":0,"35":0,"39":0,"43":0,"47":0,"51":0,"55":0,"59":0,"66":0,"67":0,"77":0,"78":0,"79":0,"85":0,"86":0,"88":0,"95":0,"96":0,"105":0,"106":0,"107":0,"109":0,"111":0,"112":0,"113":0,"114":0,"115":0,"117":0,"120":0},"path":"/home/node/project/contracts/routing/BasicRouter.sol","s":{"1":0,"2":0,"3":0,"4":0,"5":0,"6":0,"7":0,"8":0,"9":0,"10":0,"11":0,"12":0,"13":0,"14":0,"15":0,"16":0,"17":0,"18":0,"19":0,"20":0,"21":0,"22":0,"23":0,"24":0,"25":0,"26":0,"27":0,"28":0},"b":{"1":[0,0],"2":[0,0],"3":[0,0],"4":[0,0],"5":[0,0],"6":[0,0]},"f":{"1":0,"2":0,"3":0,"4":0,"5":0,"6":0,"7":0,"8":0,"9":0,"10":0,"11":0,"12":0},"fnMap":{"1":{"name":"configNotLocked","line":33,"loc":{"start":{"line":33,"column":2},"end":{"line":33,"column":28}}},"2":{"name":null,"line":38,"loc":{"start":{"line":38,"column":2},"end":{"line":38,"column":37}}},"3":{"name":null,"line":42,"loc":{"start":{"line":42,"column":2},"end":{"line":42,"column":38}}},"4":{"name":"destinations","line":46,"loc":{"start":{"line":46,"column":2},"end":{"line":46,"column":88}}},"5":{"name":"activeDestination","line":50,"loc":{"start":{"line":50,"column":2},"end":{"line":50,"column":75}}},"6":{"name":"destinationAbi","line":54,"loc":{"start":{"line":54,"column":2},"end":{"line":54,"column":80}}},"7":{"name":"isConfigLocked","line":58,"loc":{"start":{"line":58,"column":2},"end":{"line":58,"column":63}}},"8":{"name":"findDestination","line":65,"loc":{"start":{"line":65,"column":2},"end":{"line":65,"column":81}}},"9":{"name":"setRoute","line":75,"loc":{"start":{"line":75,"column":44},"end":{"line":76,"column":3}}},"10":{"name":"switchDestination","line":83,"loc":{"start":{"line":83,"column":19},"end":{"line":84,"column":3}}},"11":{"name":"lockConfig","line":94,"loc":{"start":{"line":94,"column":64},"end":{"line":94,"column":3}}},"12":{"name":"callPayable","line":103,"loc":{"start":{"line":103,"column":2},"end":{"line":104,"column":3}}}},"statementMap":{"1":{"start":{"line":34,"column":4},"end":{"line":34,"column":34}},"2":{"start":{"line":39,"column":4},"end":{"line":39,"column":47}},"3":{"start":{"line":43,"column":4},"end":{"line":43,"column":47}},"4":{"start":{"line":47,"column":4},"end":{"line":47,"column":39}},"5":{"start":{"line":51,"column":4},"end":{"line":51,"column":44}},"6":{"start":{"line":55,"column":4},"end":{"line":55,"column":41}},"7":{"start":{"line":59,"column":4},"end":{"line":59,"column":24}},"8":{"start":{"line":66,"column":4},"end":{"line":66,"column":40}},"9":{"start":{"line":67,"column":4},"end":{"line":67,"column":1721}},"10":{"start":{"line":77,"column":4},"end":{"line":77,"column":61}},"11":{"start":{"line":78,"column":4},"end":{"line":78,"column":62}},"12":{"start":{"line":79,"column":4},"end":{"line":79,"column":15}},"13":{"start":{"line":85,"column":4},"end":{"line":85,"column":76}},"14":{"start":{"line":86,"column":4},"end":{"line":86,"column":57}},"15":{"start":{"line":88,"column":4},"end":{"line":88,"column":57}},"16":{"start":{"line":95,"column":4},"end":{"line":95,"column":23}},"17":{"start":{"line":96,"column":4},"end":{"line":96,"column":23}},"18":{"start":{"line":105,"column":4},"end":{"line":105,"column":33}},"19":{"start":{"line":106,"column":4},"end":{"line":106,"column":50}},"20":{"start":{"line":107,"column":4},"end":{"line":107,"column":45}},"21":{"start":{"line":109,"column":4},"end":{"line":109,"column":59}},"22":{"start":{"line":111,"column":4},"end":{"line":111,"column":16}},"23":{"start":{"line":112,"column":4},"end":{"line":112,"column":23}},"24":{"start":{"line":113,"column":4},"end":{"line":113,"column":3080}},"25":{"start":{"line":114,"column":6},"end":{"line":114,"column":77}},"26":{"start":{"line":115,"column":6},"end":{"line":115,"column":69}},"27":{"start":{"line":117,"column":6},"end":{"line":117,"column":63}},"28":{"start":{"line":120,"column":4},"end":{"line":120,"column":27}}},"branchMap":{"1":{"line":34,"type":"if","locations":[{"start":{"line":34,"column":4},"end":{"line":34,"column":4}},{"start":{"line":34,"column":4},"end":{"line":34,"column":4}}]},"2":{"line":85,"type":"if","locations":[{"start":{"line":85,"column":4},"end":{"line":85,"column":4}},{"start":{"line":85,"column":4},"end":{"line":85,"column":4}}]},"3":{"line":105,"type":"if","locations":[{"start":{"line":105,"column":4},"end":{"line":105,"column":4}},{"start":{"line":105,"column":4},"end":{"line":105,"column":4}}]},"4":{"line":107,"type":"if","locations":[{"start":{"line":107,"column":4},"end":{"line":107,"column":4}},{"start":{"line":107,"column":4},"end":{"line":107,"column":4}}]},"5":{"line":113,"type":"if","locations":[{"start":{"line":113,"column":4},"end":{"line":113,"column":4}},{"start":{"line":113,"column":4},"end":{"line":113,"column":4}}]},"6":{"line":120,"type":"if","locations":[{"start":{"line":120,"column":4},"end":{"line":120,"column":4}},{"start":{"line":120,"column":4},"end":{"line":120,"column":4}}]}}},
"contracts/routing/DynamicRouter.sol":{"l":{"29":0,"33":0,"37":0,"38":0,"40":0,"41":0,"42":0,"43":0,"45":0,"46":0,"47":0,"50":0,"51":0,"53":0,"54":0,"55":0,"56":0,"61":0,"69":0,"72":0,"73":0,"75":0},"path":"/home/node/project/contracts/routing/DynamicRouter.sol","s":{"1":0,"2":0,"3":0,"4":0,"5":0,"6":0,"7":0,"8":0,"9":0,"10":0,"11":0,"12":0,"13":0,"14":0,"15":0,"16":0,"17":0,"18":0,"19":0,"20":0,"21":0},"b":{"1":[0,0],"2":[0,0],"3":[0,0],"4":[0,0]},"f":{"1":0,"2":0,"3":0,"4":0},"fnMap":{"1":{"name":"maxBalances","line":28,"loc":{"start":{"line":28,"column":2},"end":{"line":28,"column":78}}},"2":{"name":"weights","line":32,"loc":{"start":{"line":32,"column":2},"end":{"line":32,"column":74}}},"3":{"name":"findDestination","line":36,"loc":{"start":{"line":36,"column":2},"end":{"line":36,"column":82}}},"4":{"name":"setDistribution","line":68,"loc":{"start":{"line":68,"column":35},"end":{"line":68,"column":18}}}},"statementMap":{"1":{"start":{"line":29,"column":4},"end":{"line":29,"column":45}},"2":{"start":{"line":33,"column":4},"end":{"line":33,"column":41}},"3":{"start":{"line":37,"column":4},"end":{"line":37,"column":61}},"4":{"start":{"line":38,"column":4},"end":{"line":38,"column":40}},"5":{"start":{"line":40,"column":4},"end":{"line":40,"column":44}},"6":{"start":{"line":41,"column":4},"end":{"line":41,"column":44}},"7":{"start":{"line":42,"column":4},"end":{"line":42,"column":1156}},"8":{"start":{"line":43,"column":6},"end":{"line":43,"column":49}},"9":{"start":{"line":45,"column":6},"end":{"line":45,"column":1271}},"10":{"start":{"line":46,"column":8},"end":{"line":46,"column":40}},"11":{"start":{"line":50,"column":5},"end":{"line":50,"column":1375}},"12":{"start":{"line":51,"column":8},"end":{"line":51,"column":1503}},"13":{"start":{"line":53,"column":8},"end":{"line":53,"column":62}},"14":{"start":{"line":54,"column":8},"end":{"line":54,"column":1602}},"15":{"start":{"line":55,"column":10},"end":{"line":55,"column":45}},"16":{"start":{"line":56,"column":10},"end":{"line":56,"column":42}},"17":{"start":{"line":61,"column":4},"end":{"line":61,"column":30}},"18":{"start":{"line":69,"column":4},"end":{"line":69,"column":2040}},"19":{"start":{"line":72,"column":4},"end":{"line":72,"column":64}},"20":{"start":{"line":73,"column":4},"end":{"line":73,"column":52}},"21":{"start":{"line":75,"column":4},"end":{"line":75,"column":15}}},"branchMap":{"1":{"line":45,"type":"if","locations":[{"start":{"line":45,"column":6},"end":{"line":45,"column":6}},{"start":{"line":45,"column":6},"end":{"line":45,"column":6}}]},"2":{"line":50,"type":"if","locations":[{"start":{"line":50,"column":5},"end":{"line":50,"column":5}},{"start":{"line":50,"column":5},"end":{"line":50,"column":5}}]},"3":{"line":54,"type":"if","locations":[{"start":{"line":54,"column":8},"end":{"line":54,"column":8}},{"start":{"line":54,"column":8},"end":{"line":54,"column":8}}]},"4":{"line":69,"type":"if","locations":[{"start":{"line":69,"column":4},"end":{"line":69,"column":4}},{"start":{"line":69,"column":4},"end":{"line":69,"column":4}}]}}},
"contracts/routing/ScheduledRouter.sol":{"l":{"28":0,"29":0,"33":0,"34":0,"35":0,"37":0,"42":0,"43":0,"44":0},"path":"/home/node/project/contracts/routing/ScheduledRouter.sol","s":{"1":0,"2":0,"3":0,"4":0,"5":0,"6":0,"7":0,"8":0,"9":0},"b":{"1":[0,0],"2":[0,0]},"f":{"1":0,"2":0,"3":0},"fnMap":{"1":{"name":"schedule","line":27,"loc":{"start":{"line":27,"column":2},"end":{"line":27,"column":75}}},"2":{"name":"findDestination","line":32,"loc":{"start":{"line":32,"column":2},"end":{"line":32,"column":90}}},"3":{"name":"setRouteSchedule","line":41,"loc":{"start":{"line":41,"column":35},"end":{"line":41,"column":18}}}},"statementMap":{"1":{"start":{"line":28,"column":4},"end":{"line":28,"column":50}},"2":{"start":{"line":29,"column":4},"end":{"line":29,"column":47}},"3":{"start":{"line":33,"column":4},"end":{"line":33,"column":50}},"4":{"start":{"line":34,"column":4},"end":{"line":34,"column":818}},"5":{"start":{"line":35,"column":6},"end":{"line":35,"column":23}},"6":{"start":{"line":37,"column":4},"end":{"line":37,"column":41}},"7":{"start":{"line":42,"column":4},"end":{"line":42,"column":55}},"8":{"start":{"line":43,"column":4},"end":{"line":43,"column":50}},"9":{"start":{"line":44,"column":4},"end":{"line":44,"column":36}}},"branchMap":{"1":{"line":34,"type":"if","locations":[{"start":{"line":34,"column":4},"end":{"line":34,"column":4}},{"start":{"line":34,"column":4},"end":{"line":34,"column":4}}]},"2":{"line":42,"type":"if","locations":[{"start":{"line":42,"column":4},"end":{"line":42,"column":4}},{"start":{"line":42,"column":4},"end":{"line":42,"column":4}}]}}},
"contracts/token/DummyToken.sol":{"l":{"35":0,"36":0,"37":0,"38":0,"39":0,"41":0,"42":0,"46":0,"50":0,"54":0,"58":0,"62":0,"66":0,"70":0,"74":0,"78":0,"84":0,"88":0,"89":0,"91":0,"92":0,"93":0,"94":0,"100":0,"101":0,"102":0,"104":0,"105":0,"106":0,"107":0,"108":0,"112":0,"113":0,"114":0,"120":0,"122":0,"123":0,"129":0,"130":0,"131":0,"133":0,"135":0,"136":0,"140":0,"141":0,"142":0,"146":0,"150":0,"154":0,"155":0,"159":0,"163":0,"167":0,"168":0,"170":0,"171":0,"172":0,"176":0,"177":0},"path":"/home/node/project/contracts/token/DummyToken.sol","s":{"1":0,"2":0,"3":0,"4":0,"5":0,"6":0,"7":0,"8":0,"9":0,"10":0,"11":0,"12":0,"13":0,"14":0,"15":0,"16":0,"17":0,"18":0,"19":0,"20":0,"21":0,"22":0,"23":0,"24":0,"25":0,"26":0,"27":0,"28":0,"29":0,"30":0,"31":0,"32":0,"33":0,"34":0,"35":0,"36":0,"37":0,"38":0,"39":0,"40":0,"41":0,"42":0,"43":0,"44":0,"45":0,"46":0,"47":0,"48":0,"49":0,"50":0,"51":0,"52":0,"53":0,"54":0,"55":0,"56":0,"57":0,"58":0,"59":0},"b":{"1":[0,0],"2":[0,0],"3":[0,0],"4":[0,0],"5":[0,0],"6":[0,0],"7":[0,0],"8":[0,0],"9":[0,0]},"f":{"1":0,"2":0,"3":0,"4":0,"5":0,"6":0,"7":0,"8":0,"9":0,"10":0,"11":0,"12":0,"13":0,"14":0,"15":0,"16":0,"17":0,"18":0,"19":0,"20":0,"21":0,"22":0,"23":0,"24":0},"fnMap":{"1":{"name":"constructor","line":29,"loc":{"start":{"line":29,"column":2},"end":{"line":34,"column":3}}},"2":{"name":"name","line":45,"loc":{"start":{"line":45,"column":2},"end":{"line":45,"column":62}}},"3":{"name":"symbol","line":49,"loc":{"start":{"line":49,"column":2},"end":{"line":49,"column":64}}},"4":{"name":"decimal","line":53,"loc":{"start":{"line":53,"column":2},"end":{"line":53,"column":59}}},"5":{"name":"totalSupply","line":57,"loc":{"start":{"line":57,"column":2},"end":{"line":57,"column":63}}},"6":{"name":"balanceOf","line":61,"loc":{"start":{"line":61,"column":2},"end":{"line":61,"column":75}}},"7":{"name":"rate","line":65,"loc":{"start":{"line":65,"column":2},"end":{"line":65,"column":47}}},"8":{"name":"rateAt","line":69,"loc":{"start":{"line":69,"column":2},"end":{"line":69,"column":49}}},"9":{"name":"interest","line":73,"loc":{"start":{"line":73,"column":2},"end":{"line":73,"column":51}}},"10":{"name":"twin","line":77,"loc":{"start":{"line":77,"column":2},"end":{"line":77,"column":46}}},"11":{"name":"allowance","line":81,"loc":{"start":{"line":81,"column":2},"end":{"line":83,"column":3}}},"12":{"name":"transfer","line":87,"loc":{"start":{"line":87,"column":2},"end":{"line":87,"column":79}}},"13":{"name":"transferFrom","line":97,"loc":{"start":{"line":97,"column":2},"end":{"line":99,"column":3}}},"14":{"name":"approve","line":111,"loc":{"start":{"line":111,"column":2},"end":{"line":111,"column":83}}},"15":{"name":"increaseApproval","line":117,"loc":{"start":{"line":117,"column":2},"end":{"line":119,"column":3}}},"16":{"name":"decreaseApproval","line":126,"loc":{"start":{"line":126,"column":2},"end":{"line":128,"column":3}}},"17":{"name":"updateToken","line":139,"loc":{"start":{"line":139,"column":2},"end":{"line":139,"column":91}}},"18":{"name":"updateSupply","line":145,"loc":{"start":{"line":145,"column":2},"end":{"line":145,"column":52}}},"19":{"name":"updateBalance","line":149,"loc":{"start":{"line":149,"column":2},"end":{"line":149,"column":65}}},"20":{"name":"updateRate","line":153,"loc":{"start":{"line":153,"column":2},"end":{"line":153,"column":43}}},"21":{"name":"updateTwin","line":158,"loc":{"start":{"line":158,"column":2},"end":{"line":158,"column":42}}},"22":{"name":"createTwin","line":162,"loc":{"start":{"line":162,"column":2},"end":{"line":162,"column":30}}},"23":{"name":"transferNoEvent","line":166,"loc":{"start":{"line":166,"column":2},"end":{"line":166,"column":77}}},"24":{"name":"transferTwin","line":175,"loc":{"start":{"line":175,"column":2},"end":{"line":175,"column":74}}}},"statementMap":{"1":{"start":{"line":35,"column":4},"end":{"line":35,"column":16}},"2":{"start":{"line":36,"column":4},"end":{"line":36,"column":20}},"3":{"start":{"line":37,"column":4},"end":{"line":37,"column":22}},"4":{"start":{"line":38,"column":4},"end":{"line":38,"column":30}},"5":{"start":{"line":39,"column":4},"end":{"line":39,"column":38}},"6":{"start":{"line":41,"column":4},"end":{"line":41,"column":12}},"7":{"start":{"line":42,"column":4},"end":{"line":42,"column":16}},"8":{"start":{"line":46,"column":4},"end":{"line":46,"column":16}},"9":{"start":{"line":50,"column":4},"end":{"line":50,"column":18}},"10":{"start":{"line":54,"column":4},"end":{"line":54,"column":19}},"11":{"start":{"line":58,"column":4},"end":{"line":58,"column":48}},"12":{"start":{"line":62,"column":4},"end":{"line":62,"column":52}},"13":{"start":{"line":66,"column":4},"end":{"line":66,"column":16}},"14":{"start":{"line":70,"column":4},"end":{"line":70,"column":18}},"15":{"start":{"line":74,"column":4},"end":{"line":74,"column":43}},"16":{"start":{"line":78,"column":4},"end":{"line":78,"column":16}},"17":{"start":{"line":84,"column":4},"end":{"line":84,"column":36}},"18":{"start":{"line":88,"column":4},"end":{"line":88,"column":29}},"19":{"start":{"line":89,"column":4},"end":{"line":89,"column":42}},"20":{"start":{"line":91,"column":4},"end":{"line":91,"column":58}},"21":{"start":{"line":92,"column":4},"end":{"line":92,"column":44}},"22":{"start":{"line":93,"column":4},"end":{"line":93,"column":42}},"23":{"start":{"line":94,"column":4},"end":{"line":94,"column":15}},"24":{"start":{"line":100,"column":4},"end":{"line":100,"column":29}},"25":{"start":{"line":101,"column":4},"end":{"line":101,"column":37}},"26":{"start":{"line":102,"column":4},"end":{"line":102,"column":48}},"27":{"start":{"line":104,"column":4},"end":{"line":104,"column":48}},"28":{"start":{"line":105,"column":4},"end":{"line":105,"column":44}},"29":{"start":{"line":106,"column":4},"end":{"line":106,"column":70}},"30":{"start":{"line":107,"column":4},"end":{"line":107,"column":37}},"31":{"start":{"line":108,"column":4},"end":{"line":108,"column":15}},"32":{"start":{"line":112,"column":4},"end":{"line":112,"column":41}},"33":{"start":{"line":113,"column":4},"end":{"line":113,"column":47}},"34":{"start":{"line":114,"column":4},"end":{"line":114,"column":15}},"35":{"start":{"line":120,"column":4},"end":{"line":120,"column":3026}},"36":{"start":{"line":122,"column":4},"end":{"line":122,"column":70}},"37":{"start":{"line":123,"column":4},"end":{"line":123,"column":15}},"38":{"start":{"line":129,"column":4},"end":{"line":129,"column":49}},"39":{"start":{"line":130,"column":4},"end":{"line":130,"column":3324}},"40":{"start":{"line":131,"column":6},"end":{"line":131,"column":38}},"41":{"start":{"line":133,"column":6},"end":{"line":133,"column":67}},"42":{"start":{"line":135,"column":4},"end":{"line":135,"column":70}},"43":{"start":{"line":136,"column":4},"end":{"line":136,"column":15}},"44":{"start":{"line":140,"column":4},"end":{"line":140,"column":16}},"45":{"start":{"line":141,"column":4},"end":{"line":141,"column":20}},"46":{"start":{"line":142,"column":4},"end":{"line":142,"column":22}},"47":{"start":{"line":146,"column":4},"end":{"line":146,"column":30}},"48":{"start":{"line":150,"column":4},"end":{"line":150,"column":30}},"49":{"start":{"line":154,"column":4},"end":{"line":154,"column":16}},"50":{"start":{"line":155,"column":4},"end":{"line":155,"column":16}},"51":{"start":{"line":159,"column":4},"end":{"line":159,"column":16}},"52":{"start":{"line":163,"column":4},"end":{"line":163,"column":65}},"53":{"start":{"line":167,"column":4},"end":{"line":167,"column":29}},"54":{"start":{"line":168,"column":4},"end":{"line":168,"column":42}},"55":{"start":{"line":170,"column":4},"end":{"line":170,"column":58}},"56":{"start":{"line":171,"column":4},"end":{"line":171,"column":44}},"57":{"start":{"line":172,"column":4},"end":{"line":172,"column":15}},"58":{"start":{"line":176,"column":4},"end":{"line":176,"column":40}},"59":{"start":{"line":177,"column":4},"end":{"line":177,"column":38}}},"branchMap":{"1":{"line":88,"type":"if","locations":[{"start":{"line":88,"column":4},"end":{"line":88,"column":4}},{"start":{"line":88,"column":4},"end":{"line":88,"column":4}}]},"2":{"line":89,"type":"if","locations":[{"start":{"line":89,"column":4},"end":{"line":89,"column":4}},{"start":{"line":89,"column":4},"end":{"line":89,"column":4}}]},"3":{"line":100,"type":"if","locations":[{"start":{"line":100,"column":4},"end":{"line":100,"column":4}},{"start":{"line":100,"column":4},"end":{"line":100,"column":4}}]},"4":{"line":101,"type":"if","locations":[{"start":{"line":101,"column":4},"end":{"line":101,"column":4}},{"start":{"line":101,"column":4},"end":{"line":101,"column":4}}]},"5":{"line":102,"type":"if","locations":[{"start":{"line":102,"column":4},"end":{"line":102,"column":4}},{"start":{"line":102,"column":4},"end":{"line":102,"column":4}}]},"6":{"line":130,"type":"if","locations":[{"start":{"line":130,"column":4},"end":{"line":130,"column":4}},{"start":{"line":130,"column":4},"end":{"line":130,"column":4}}]},"7":{"line":167,"type":"if","locations":[{"start":{"line":167,"column":4},"end":{"line":167,"column":4}},{"start":{"line":167,"column":4},"end":{"line":167,"column":4}}]},"8":{"line":168,"type":"if","locations":[{"start":{"line":168,"column":4},"end":{"line":168,"column":4}},{"start":{"line":168,"column":4},"end":{"line":168,"column":4}}]},"9":{"line":176,"type":"if","locations":[{"start":{"line":176,"column":4},"end":{"line":176,"column":4}},{"start":{"line":176,"column":4},"end":{"line":176,"column":4}}]}}},
"contracts/token/ERC20Token.sol":{"l":{"30":17,"31":17,"32":17,"33":17,"34":17,"38":1,"42":1,"46":1,"50":2,"54":4,"60":1,"65":5,"66":5,"68":5,"69":5,"70":5,"71":5,"77":3,"78":3,"79":3,"81":1,"82":1,"83":1,"84":1,"85":1,"91":6,"92":6,"93":6,"99":1,"101":1,"102":1,"108":2,"109":2,"110":0,"112":2,"114":2,"115":2},"path":"/home/node/project/contracts/token/ERC20Token.sol","s":{"1":17,"2":17,"3":17,"4":17,"5":17,"6":1,"7":1,"8":1,"9":2,"10":4,"11":1,"12":5,"13":5,"14":5,"15":5,"16":5,"17":5,"18":3,"19":3,"20":3,"21":1,"22":1,"23":1,"24":1,"25":1,"26":6,"27":6,"28":6,"29":1,"30":1,"31":1,"32":2,"33":2,"34":0,"35":2,"36":2,"37":2},"b":{"1":[5,0],"2":[5,0],"3":[3,0],"4":[3,0],"5":[1,2],"6":[0,2]},"f":{"1":17,"2":1,"3":1,"4":1,"5":2,"6":4,"7":1,"8":5,"9":3,"10":6,"11":1,"12":2},"fnMap":{"1":{"name":"constructor","line":24,"loc":{"start":{"line":24,"column":2},"end":{"line":29,"column":3}}},"2":{"name":"name","line":37,"loc":{"start":{"line":37,"column":2},"end":{"line":37,"column":62}}},"3":{"name":"symbol","line":41,"loc":{"start":{"line":41,"column":2},"end":{"line":41,"column":64}}},"4":{"name":"decimal","line":45,"loc":{"start":{"line":45,"column":2},"end":{"line":45,"column":59}}},"5":{"name":"totalSupply","line":49,"loc":{"start":{"line":49,"column":2},"end":{"line":49,"column":63}}},"6":{"name":"balanceOf","line":53,"loc":{"start":{"line":53,"column":2},"end":{"line":53,"column":75}}},"7":{"name":"allowance","line":57,"loc":{"start":{"line":57,"column":2},"end":{"line":59,"column":3}}},"8":{"name":"transfer","line":63,"loc":{"start":{"line":63,"column":2},"end":{"line":64,"column":36}}},"9":{"name":"transferFrom","line":74,"loc":{"start":{"line":74,"column":2},"end":{"line":76,"column":3}}},"10":{"name":"approve","line":88,"loc":{"start":{"line":88,"column":2},"end":{"line":90,"column":3}}},"11":{"name":"increaseApproval","line":96,"loc":{"start":{"line":96,"column":2},"end":{"line":98,"column":3}}},"12":{"name":"decreaseApproval","line":105,"loc":{"start":{"line":105,"column":2},"end":{"line":107,"column":3}}}},"statementMap":{"1":{"start":{"line":30,"column":4},"end":{"line":30,"column":16}},"2":{"start":{"line":31,"column":4},"end":{"line":31,"column":20}},"3":{"start":{"line":32,"column":4},"end":{"line":32,"column":22}},"4":{"start":{"line":33,"column":4},"end":{"line":33,"column":30}},"5":{"start":{"line":34,"column":4},"end":{"line":34,"column":38}},"6":{"start":{"line":38,"column":4},"end":{"line":38,"column":16}},"7":{"start":{"line":42,"column":4},"end":{"line":42,"column":18}},"8":{"start":{"line":46,"column":4},"end":{"line":46,"column":19}},"9":{"start":{"line":50,"column":4},"end":{"line":50,"column":23}},"10":{"start":{"line":54,"column":4},"end":{"line":54,"column":27}},"11":{"start":{"line":60,"column":4},"end":{"line":60,"column":36}},"12":{"start":{"line":65,"column":4},"end":{"line":65,"column":29}},"13":{"start":{"line":66,"column":4},"end":{"line":66,"column":42}},"14":{"start":{"line":68,"column":4},"end":{"line":68,"column":58}},"15":{"start":{"line":69,"column":4},"end":{"line":69,"column":44}},"16":{"start":{"line":70,"column":4},"end":{"line":70,"column":42}},"17":{"start":{"line":71,"column":4},"end":{"line":71,"column":15}},"18":{"start":{"line":77,"column":4},"end":{"line":77,"column":29}},"19":{"start":{"line":78,"column":4},"end":{"line":78,"column":37}},"20":{"start":{"line":79,"column":4},"end":{"line":79,"column":48}},"21":{"start":{"line":81,"column":4},"end":{"line":81,"column":48}},"22":{"start":{"line":82,"column":4},"end":{"line":82,"column":44}},"23":{"start":{"line":83,"column":4},"end":{"line":83,"column":70}},"24":{"start":{"line":84,"column":4},"end":{"line":84,"column":37}},"25":{"start":{"line":85,"column":4},"end":{"line":85,"column":15}},"26":{"start":{"line":91,"column":4},"end":{"line":91,"column":41}},"27":{"start":{"line":92,"column":4},"end":{"line":92,"column":47}},"28":{"start":{"line":93,"column":4},"end":{"line":93,"column":15}},"29":{"start":{"line":99,"column":4},"end":{"line":99,"column":2581}},"30":{"start":{"line":101,"column":4},"end":{"line":101,"column":70}},"31":{"start":{"line":102,"column":4},"end":{"line":102,"column":15}},"32":{"start":{"line":108,"column":4},"end":{"line":108,"column":49}},"33":{"start":{"line":109,"column":4},"end":{"line":109,"column":2879}},"34":{"start":{"line":110,"column":6},"end":{"line":110,"column":38}},"35":{"start":{"line":112,"column":6},"end":{"line":112,"column":67}},"36":{"start":{"line":114,"column":4},"end":{"line":114,"column":70}},"37":{"start":{"line":115,"column":4},"end":{"line":115,"column":15}}},"branchMap":{"1":{"line":65,"type":"if","locations":[{"start":{"line":65,"column":4},"end":{"line":65,"column":4}},{"start":{"line":65,"column":4},"end":{"line":65,"column":4}}]},"2":{"line":66,"type":"if","locations":[{"start":{"line":66,"column":4},"end":{"line":66,"column":4}},{"start":{"line":66,"column":4},"end":{"line":66,"column":4}}]},"3":{"line":77,"type":"if","locations":[{"start":{"line":77,"column":4},"end":{"line":77,"column":4}},{"start":{"line":77,"column":4},"end":{"line":77,"column":4}}]},"4":{"line":78,"type":"if","locations":[{"start":{"line":78,"column":4},"end":{"line":78,"column":4}},{"start":{"line":78,"column":4},"end":{"line":78,"column":4}}]},"5":{"line":79,"type":"if","locations":[{"start":{"line":79,"column":4},"end":{"line":79,"column":4}},{"start":{"line":79,"column":4},"end":{"line":79,"column":4}}]},"6":{"line":109,"type":"if","locations":[{"start":{"line":109,"column":4},"end":{"line":109,"column":4}},{"start":{"line":109,"column":4},"end":{"line":109,"column":4}}]}}}}
