TN:
SF:/home/node/project/contracts/governance/Operator.sol
FN:22,onlyOperator
FN:30,operatorCount
FN:37,operatorAddress
FN:46,defineOperators
FNF:4
FNH:4
FNDA:208,onlyOperator
FNDA:2,operatorCount
FNDA:2,operatorAddress
FNDA:59,defineOperators
DA:23,208
DA:24,203
DA:31,2
DA:38,2
DA:49,59
DA:51,57
DA:52,2
DA:54,57
DA:56,57
DA:57,65
DA:58,65
DA:60,57
LF:12
LH:12
BRDA:23,1,0,203
BRDA:23,1,1,5
BRDA:49,2,0,57
BRDA:49,2,1,2
BRF:4
BRH:4
end_of_record
TN:
SF:/home/node/project/contracts/governance/Ownable.sol
FN:16,constructor
FN:23,onlyOwner
FN:31,renounceOwnership
FN:40,transferOwnership
FN:48,_transferOwnership
FNF:5
FNH:2
FNDA:61,constructor
FNDA:61,onlyOwner
FNDA:0,renounceOwnership
FNDA:0,transferOwnership
FNDA:0,_transferOwnership
DA:17,61
DA:24,61
DA:25,59
DA:32,0
DA:33,0
DA:41,0
DA:49,0
DA:50,0
DA:51,0
LF:9
LH:3
BRDA:24,1,0,59
BRDA:24,1,1,2
BRDA:49,2,0,0
BRDA:49,2,1,0
BRF:4
BRH:2
end_of_record
TN:
SF:/home/node/project/contracts/interface/IERC20.sol
FNF:0
FNH:0
LF:0
LH:0
BRF:0
BRH:0
end_of_record
TN:
SF:/home/node/project/contracts/interface/IRouter.sol
FNF:0
FNH:0
LF:0
LH:0
BRF:0
BRH:0
end_of_record
TN:
SF:/home/node/project/contracts/interface/IUserRegistry.sol
FNF:0
FNH:0
LF:0
LH:0
BRF:0
BRH:0
end_of_record
TN:
SF:/home/node/project/contracts/math/SafeMath.sol
FN:13,mul
FN:29,div
FN:39,sub
FN:47,add
FNF:4
FNH:2
FNDA:0,mul
FNDA:0,div
FNDA:9,sub
FNDA:7,add
DA:17,0
DA:18,0
DA:21,0
DA:22,0
DA:23,0
DA:33,0
DA:40,9
DA:41,9
DA:48,7
DA:49,7
DA:50,7
LF:11
LH:5
BRDA:17,1,0,0
BRDA:17,1,1,0
BRDA:22,2,0,0
BRDA:22,2,1,0
BRDA:40,3,0,9
BRDA:40,3,1,0
BRDA:49,4,0,7
BRDA:49,4,1,0
BRF:8
BRH:2
end_of_record
TN:
SF:/home/node/project/contracts/registry/UserRegistry.sol
FN:40,constructor
FN:49,userCount
FN:56,userId
FN:63,validUserId
FN:74,validUntilTime
FN:81,suspended
FN:88,extended
FN:97,isAddressValid
FN:104,isValid
FN:111,registerUser
FN:120,registerManyUsers
FN:131,attachAddress
FN:144,attachManyAddresses
FN:156,detachAddress
FN:163,detachManyAddresses
FN:172,detachSelf
FN:179,detachSelfAddress
FN:188,suspendUser
FN:197,unsuspendUser
FN:206,suspendManyUsers
FN:215,unsuspendManyUsers
FN:224,updateUser
FN:237,updateManyUsers
FN:250,updateUserExtended
FN:260,updateManyUsersExtended
FN:273,registerUserInternal
FN:287,detachAddressInternal
FN:297,isValidInternal
FNF:28
FNH:28
FNDA:49,constructor
FNDA:4,userCount
FNDA:10,userId
FNDA:3,validUserId
FNDA:7,validUntilTime
FNDA:15,suspended
FNDA:4,extended
FNDA:4,isAddressValid
FNDA:3,isValid
FNDA:3,registerUser
FNDA:1,registerManyUsers
FNDA:86,attachAddress
FNDA:30,attachManyAddresses
FNDA:3,detachAddress
FNDA:1,detachManyAddresses
FNDA:3,detachSelf
FNDA:3,detachSelfAddress
FNDA:14,suspendUser
FNDA:9,unsuspendUser
FNDA:5,suspendManyUsers
FNDA:3,unsuspendManyUsers
FNDA:33,updateUser
FNDA:3,updateManyUsers
FNDA:7,updateUserExtended
FNDA:3,updateManyUsersExtended
FNDA:117,registerUserInternal
FNDA:10,detachAddressInternal
FNDA:10,isValidInternal
DA:41,49
DA:42,112
DA:50,4
DA:57,10
DA:64,3
DA:65,3
DA:66,3
DA:68,0
DA:75,7
DA:82,15
DA:91,4
DA:98,4
DA:105,3
DA:114,3
DA:123,1
DA:124,2
DA:134,86
DA:135,82
DA:136,78
DA:138,78
DA:147,30
DA:148,28
DA:149,54
DA:157,3
DA:164,1
DA:165,3
DA:173,3
DA:180,3
DA:181,3
DA:182,1
DA:189,14
DA:190,10
DA:191,8
DA:198,9
DA:199,5
DA:200,3
DA:207,5
DA:208,8
DA:216,3
DA:217,4
DA:229,33
DA:230,29
DA:231,29
DA:242,3
DA:243,4
DA:253,7
DA:254,3
DA:265,3
DA:266,4
DA:276,117
DA:277,115
DA:278,115
DA:280,115
DA:281,115
DA:288,10
DA:289,10
DA:290,6
DA:291,6
DA:299,10
LF:59
LH:58
BRDA:65,1,0,3
BRDA:65,1,1,0
BRDA:134,2,0,82
BRDA:134,2,1,4
BRDA:135,3,0,78
BRDA:135,3,1,4
BRDA:147,4,0,28
BRDA:147,4,1,2
BRDA:181,5,0,1
BRDA:181,5,1,2
BRDA:189,6,0,10
BRDA:189,6,1,4
BRDA:190,7,0,8
BRDA:190,7,1,2
BRDA:198,8,0,5
BRDA:198,8,1,4
BRDA:199,9,0,3
BRDA:199,9,1,2
BRDA:229,10,0,29
BRDA:229,10,1,4
BRDA:253,11,0,3
BRDA:253,11,1,4
BRDA:276,12,0,115
BRDA:276,12,1,2
BRDA:289,13,0,6
BRDA:289,13,1,4
BRF:26
BRH:25
end_of_record
TN:
SF:/home/node/project/contracts/routing/BasicRouter.sol
FN:34,configNotLocked
FN:39,
FN:44,destinations
FN:48,activeDestination
FN:52,destinationAbi
FN:56,isConfigLocked
FN:63,findDestination
FN:69,setRoute
FN:80,switchDestination
FN:92,lockConfig
FN:101,callPayable
FNF:11
FNH:0
FNDA:0,configNotLocked
FNDA:0,
FNDA:0,destinations
FNDA:0,activeDestination
FNDA:0,destinationAbi
FNDA:0,isConfigLocked
FNDA:0,findDestination
FNDA:0,setRoute
FNDA:0,switchDestination
FNDA:0,lockConfig
FNDA:0,callPayable
DA:35,0
DA:36,0
DA:40,0
DA:41,0
DA:45,0
DA:49,0
DA:53,0
DA:57,0
DA:64,0
DA:65,0
DA:75,0
DA:76,0
DA:77,0
DA:83,0
DA:84,0
DA:86,0
DA:93,0
DA:94,0
DA:103,0
DA:104,0
DA:106,0
DA:108,0
DA:109,0
DA:110,0
DA:111,0
DA:112,0
DA:114,0
DA:117,0
LF:28
LH:0
BRDA:35,1,0,0
BRDA:35,1,1,0
BRDA:40,2,0,0
BRDA:40,2,1,0
BRDA:83,3,0,0
BRDA:83,3,1,0
BRDA:104,4,0,0
BRDA:104,4,1,0
BRDA:110,5,0,0
BRDA:110,5,1,0
BRDA:117,6,0,0
BRDA:117,6,1,0
BRF:12
BRH:0
end_of_record
TN:
SF:/home/node/project/contracts/routing/DynamicRouter.sol
FN:26,maxBalances
FN:30,weights
FN:34,findDestination
FN:62,setDistribution
FNF:4
FNH:0
FNDA:0,maxBalances
FNDA:0,weights
FNDA:0,findDestination
FNDA:0,setDistribution
DA:27,0
DA:31,0
DA:35,0
DA:36,0
DA:38,0
DA:39,0
DA:40,0
DA:41,0
DA:43,0
DA:44,0
DA:45,0
DA:48,0
DA:49,0
DA:51,0
DA:52,0
DA:53,0
DA:54,0
DA:59,0
DA:67,0
DA:70,0
DA:71,0
DA:73,0
LF:22
LH:0
BRDA:43,1,0,0
BRDA:43,1,1,0
BRDA:48,2,0,0
BRDA:48,2,1,0
BRDA:52,3,0,0
BRDA:52,3,1,0
BRDA:67,4,0,0
BRDA:67,4,1,0
BRF:8
BRH:0
end_of_record
TN:
SF:/home/node/project/contracts/routing/ScheduledRouter.sol
FN:25,schedule
FN:30,findDestination
FN:38,setRouteSchedule
FNF:3
FNH:0
FNDA:0,schedule
FNDA:0,findDestination
FNDA:0,setRouteSchedule
DA:26,0
DA:27,0
DA:31,0
DA:32,0
DA:33,0
DA:35,0
DA:40,0
DA:41,0
DA:42,0
LF:9
LH:0
BRDA:32,1,0,0
BRDA:32,1,1,0
BRDA:40,2,0,0
BRDA:40,2,1,0
BRF:4
BRH:0
end_of_record
TN:
SF:/home/node/project/contracts/token/DummyToken.sol
FN:30,constructor
FN:46,name
FN:50,symbol
FN:54,decimal
FN:58,totalSupply
FN:62,balanceOf
FN:66,rate
FN:70,rateAt
FN:74,interest
FN:78,twin
FN:82,allowance
FN:88,transfer
FN:98,transferFrom
FN:112,approve
FN:118,increaseApproval
FN:127,decreaseApproval
FN:140,updateToken
FN:146,updateSupply
FN:150,updateBalance
FN:154,updateRate
FN:159,updateTwin
FN:163,createTwin
FN:167,transferNoEvent
FN:176,transferTwin
FNF:24
FNH:0
FNDA:0,constructor
FNDA:0,name
FNDA:0,symbol
FNDA:0,decimal
FNDA:0,totalSupply
FNDA:0,balanceOf
FNDA:0,rate
FNDA:0,rateAt
FNDA:0,interest
FNDA:0,twin
FNDA:0,allowance
FNDA:0,transfer
FNDA:0,transferFrom
FNDA:0,approve
FNDA:0,increaseApproval
FNDA:0,decreaseApproval
FNDA:0,updateToken
FNDA:0,updateSupply
FNDA:0,updateBalance
FNDA:0,updateRate
FNDA:0,updateTwin
FNDA:0,createTwin
FNDA:0,transferNoEvent
FNDA:0,transferTwin
DA:36,0
DA:37,0
DA:38,0
DA:39,0
DA:40,0
DA:42,0
DA:43,0
DA:47,0
DA:51,0
DA:55,0
DA:59,0
DA:63,0
DA:67,0
DA:71,0
DA:75,0
DA:79,0
DA:85,0
DA:89,0
DA:90,0
DA:92,0
DA:93,0
DA:94,0
DA:95,0
DA:101,0
DA:102,0
DA:103,0
DA:105,0
DA:106,0
DA:107,0
DA:108,0
DA:109,0
DA:113,0
DA:114,0
DA:115,0
DA:121,0
DA:123,0
DA:124,0
DA:130,0
DA:131,0
DA:132,0
DA:134,0
DA:136,0
DA:137,0
DA:141,0
DA:142,0
DA:143,0
DA:147,0
DA:151,0
DA:155,0
DA:156,0
DA:160,0
DA:164,0
DA:168,0
DA:169,0
DA:171,0
DA:172,0
DA:173,0
DA:177,0
DA:178,0
LF:59
LH:0
BRDA:89,1,0,0
BRDA:89,1,1,0
BRDA:90,2,0,0
BRDA:90,2,1,0
BRDA:101,3,0,0
BRDA:101,3,1,0
BRDA:102,4,0,0
BRDA:102,4,1,0
BRDA:103,5,0,0
BRDA:103,5,1,0
BRDA:131,6,0,0
BRDA:131,6,1,0
BRDA:168,7,0,0
BRDA:168,7,1,0
BRDA:169,8,0,0
BRDA:169,8,1,0
BRDA:177,9,0,0
BRDA:177,9,1,0
BRF:18
BRH:0
end_of_record
TN:
SF:/home/node/project/contracts/token/ERC20Token.sol
FN:25,constructor
FN:38,name
FN:42,symbol
FN:46,decimal
FN:50,totalSupply
FN:54,balanceOf
FN:58,allowance
FN:64,transfer
FN:74,transferFrom
FN:88,approve
FN:94,increaseApproval
FN:103,decreaseApproval
FNF:12
FNH:12
FNDA:17,constructor
FNDA:1,name
FNDA:1,symbol
FNDA:1,decimal
FNDA:2,totalSupply
FNDA:4,balanceOf
FNDA:1,allowance
FNDA:5,transfer
FNDA:3,transferFrom
FNDA:6,approve
FNDA:1,increaseApproval
FNDA:2,decreaseApproval
DA:31,17
DA:32,17
DA:33,17
DA:34,17
DA:35,17
DA:39,1
DA:43,1
DA:47,1
DA:51,2
DA:55,4
DA:61,1
DA:65,5
DA:66,5
DA:68,5
DA:69,5
DA:70,5
DA:71,5
DA:77,3
DA:78,3
DA:79,3
DA:81,1
DA:82,1
DA:83,1
DA:84,1
DA:85,1
DA:89,6
DA:90,6
DA:91,6
DA:97,1
DA:99,1
DA:100,1
DA:106,2
DA:107,2
DA:108,0
DA:110,2
DA:112,2
DA:113,2
LF:37
LH:36
BRDA:65,1,0,5
BRDA:65,1,1,0
BRDA:66,2,0,5
BRDA:66,2,1,0
BRDA:77,3,0,3
BRDA:77,3,1,0
BRDA:78,4,0,3
BRDA:78,4,1,0
BRDA:79,5,0,1
BRDA:79,5,1,2
BRDA:107,6,0,0
BRDA:107,6,1,2
BRF:12
BRH:7
end_of_record
