TN:
SF:/home/node/project/contracts/governance/Operator.sol
FN:28,onlyOperator
FN:36,operatorCount
FN:43,operatorAddress
FN:53,defineOperators
FNF:4
FNH:4
FNDA:208,onlyOperator
FNDA:2,operatorCount
FNDA:2,operatorAddress
FNDA:59,defineOperators
DA:29,208
DA:30,203
DA:37,2
DA:44,2
DA:55,59
DA:57,57
DA:58,2
DA:60,57
DA:62,57
DA:63,65
DA:64,65
DA:66,57
LF:12
LH:12
BRDA:29,1,0,203
BRDA:29,1,1,5
BRDA:55,2,0,57
BRDA:55,2,1,2
BRF:4
BRH:4
end_of_record
TN:
SF:/home/node/project/contracts/governance/Ownable.sol
FN:23,constructor
FN:30,onlyOwner
FN:38,renounceOwnership
FN:47,transferOwnership
FN:55,_transferOwnership
FNF:5
FNH:2
FNDA:61,constructor
FNDA:61,onlyOwner
FNDA:0,renounceOwnership
FNDA:0,transferOwnership
FNDA:0,_transferOwnership
DA:24,61
DA:31,61
DA:32,59
DA:39,0
DA:40,0
DA:48,0
DA:56,0
DA:57,0
DA:58,0
LF:9
LH:3
BRDA:31,1,0,59
BRDA:31,1,1,2
BRDA:56,2,0,0
BRDA:56,2,1,0
BRF:4
BRH:2
end_of_record
TN:
SF:/home/node/project/contracts/interface/IERC20.sol
FNF:0
FNH:0
LF:0
LH:0
BRF:0
BRH:0
end_of_record
TN:
SF:/home/node/project/contracts/interface/IRouter.sol
FNF:0
FNH:0
LF:0
LH:0
BRF:0
BRH:0
end_of_record
TN:
SF:/home/node/project/contracts/interface/IUserRegistry.sol
FNF:0
FNH:0
LF:0
LH:0
BRF:0
BRH:0
end_of_record
TN:
SF:/home/node/project/contracts/math/SafeMath.sol
FN:13,mul
FN:29,div
FN:39,sub
FN:47,add
FNF:4
FNH:2
FNDA:0,mul
FNDA:0,div
FNDA:9,sub
FNDA:7,add
DA:17,0
DA:18,0
DA:21,0
DA:22,0
DA:23,0
DA:33,0
DA:40,9
DA:41,9
DA:48,7
DA:49,7
DA:50,7
LF:11
LH:5
BRDA:17,1,0,0
BRDA:17,1,1,0
BRDA:22,2,0,0
BRDA:22,2,1,0
BRDA:40,3,0,9
BRDA:40,3,1,0
BRDA:49,4,0,7
BRDA:49,4,1,0
BRF:8
BRH:2
end_of_record
TN:
SF:/home/node/project/contracts/registry/UserRegistry.sol
FN:40,constructor
FN:49,userCount
FN:56,userId
FN:63,validUserId
FN:74,validUntilTime
FN:81,suspended
FN:88,extended
FN:97,isAddressValid
FN:104,isValid
FN:112,registerUser
FN:121,registerManyUsers
FN:132,attachAddress
FN:145,attachManyAddresses
FN:157,detachAddress
FN:166,detachManyAddresses
FN:176,detachSelf
FN:183,detachSelfAddress
FN:192,suspendUser
FN:201,unsuspendUser
FN:211,suspendManyUsers
FN:222,unsuspendManyUsers
FN:235,updateUser
FN:248,updateManyUsers
FN:259,updateUserExtended
FN:271,updateManyUsersExtended
FN:281,registerUserInternal
FN:295,detachAddressInternal
FN:305,isValidInternal
FNF:28
FNH:28
FNDA:49,constructor
FNDA:4,userCount
FNDA:10,userId
FNDA:3,validUserId
FNDA:7,validUntilTime
FNDA:15,suspended
FNDA:4,extended
FNDA:4,isAddressValid
FNDA:3,isValid
FNDA:3,registerUser
FNDA:1,registerManyUsers
FNDA:86,attachAddress
FNDA:30,attachManyAddresses
FNDA:3,detachAddress
FNDA:1,detachManyAddresses
FNDA:3,detachSelf
FNDA:3,detachSelfAddress
FNDA:14,suspendUser
FNDA:9,unsuspendUser
FNDA:5,suspendManyUsers
FNDA:3,unsuspendManyUsers
FNDA:33,updateUser
FNDA:3,updateManyUsers
FNDA:7,updateUserExtended
FNDA:3,updateManyUsersExtended
FNDA:117,registerUserInternal
FNDA:10,detachAddressInternal
FNDA:10,isValidInternal
DA:41,49
DA:42,112
DA:50,4
DA:57,10
DA:64,3
DA:65,3
DA:66,3
DA:68,0
DA:75,7
DA:82,15
DA:91,4
DA:98,4
DA:105,3
DA:114,3
DA:123,1
DA:124,2
DA:134,86
DA:135,82
DA:136,78
DA:138,78
DA:147,30
DA:148,28
DA:149,54
DA:159,3
DA:168,1
DA:169,3
DA:177,3
DA:184,3
DA:185,3
DA:186,1
DA:193,14
DA:194,10
DA:195,8
DA:202,9
DA:203,5
DA:204,3
DA:213,5
DA:214,8
DA:224,3
DA:225,4
DA:237,33
DA:238,29
DA:239,29
DA:250,3
DA:251,4
DA:261,7
DA:262,3
DA:273,3
DA:274,4
DA:284,117
DA:285,115
DA:286,115
DA:288,115
DA:289,115
DA:296,10
DA:297,10
DA:298,6
DA:299,6
DA:307,10
LF:59
LH:58
BRDA:65,1,0,3
BRDA:65,1,1,0
BRDA:134,2,0,82
BRDA:134,2,1,4
BRDA:135,3,0,78
BRDA:135,3,1,4
BRDA:147,4,0,28
BRDA:147,4,1,2
BRDA:185,5,0,1
BRDA:185,5,1,2
BRDA:193,6,0,10
BRDA:193,6,1,4
BRDA:194,7,0,8
BRDA:194,7,1,2
BRDA:202,8,0,5
BRDA:202,8,1,4
BRDA:203,9,0,3
BRDA:203,9,1,2
BRDA:237,10,0,29
BRDA:237,10,1,4
BRDA:261,11,0,3
BRDA:261,11,1,4
BRDA:284,12,0,115
BRDA:284,12,1,2
BRDA:297,13,0,6
BRDA:297,13,1,4
BRF:26
BRH:25
end_of_record
TN:
SF:/home/node/project/contracts/routing/BasicRouter.sol
FN:33,configNotLocked
FN:38,
FN:42,
FN:46,destinations
FN:50,activeDestination
FN:54,destinationAbi
FN:58,isConfigLocked
FN:65,findDestination
FN:75,setRoute
FN:83,switchDestination
FN:94,lockConfig
FN:103,callPayable
FNF:12
FNH:0
FNDA:0,configNotLocked
FNDA:0,
FNDA:0,
FNDA:0,destinations
FNDA:0,activeDestination
FNDA:0,destinationAbi
FNDA:0,isConfigLocked
FNDA:0,findDestination
FNDA:0,setRoute
FNDA:0,switchDestination
FNDA:0,lockConfig
FNDA:0,callPayable
DA:34,0
DA:35,0
DA:39,0
DA:43,0
DA:47,0
DA:51,0
DA:55,0
DA:59,0
DA:66,0
DA:67,0
DA:77,0
DA:78,0
DA:79,0
DA:85,0
DA:86,0
DA:88,0
DA:95,0
DA:96,0
DA:105,0
DA:106,0
DA:107,0
DA:109,0
DA:111,0
DA:112,0
DA:113,0
DA:114,0
DA:115,0
DA:117,0
DA:120,0
LF:29
LH:0
BRDA:34,1,0,0
BRDA:34,1,1,0
BRDA:85,2,0,0
BRDA:85,2,1,0
BRDA:105,3,0,0
BRDA:105,3,1,0
BRDA:107,4,0,0
BRDA:107,4,1,0
BRDA:113,5,0,0
BRDA:113,5,1,0
BRDA:120,6,0,0
BRDA:120,6,1,0
BRF:12
BRH:0
end_of_record
TN:
SF:/home/node/project/contracts/routing/DynamicRouter.sol
FN:28,maxBalances
FN:32,weights
FN:36,findDestination
FN:68,setDistribution
FNF:4
FNH:0
FNDA:0,maxBalances
FNDA:0,weights
FNDA:0,findDestination
FNDA:0,setDistribution
DA:29,0
DA:33,0
DA:37,0
DA:38,0
DA:40,0
DA:41,0
DA:42,0
DA:43,0
DA:45,0
DA:46,0
DA:47,0
DA:50,0
DA:51,0
DA:53,0
DA:54,0
DA:55,0
DA:56,0
DA:61,0
DA:69,0
DA:72,0
DA:73,0
DA:75,0
LF:22
LH:0
BRDA:45,1,0,0
BRDA:45,1,1,0
BRDA:50,2,0,0
BRDA:50,2,1,0
BRDA:54,3,0,0
BRDA:54,3,1,0
BRDA:69,4,0,0
BRDA:69,4,1,0
BRF:8
BRH:0
end_of_record
TN:
SF:/home/node/project/contracts/routing/ScheduledRouter.sol
FN:27,schedule
FN:32,findDestination
FN:41,setRouteSchedule
FNF:3
FNH:0
FNDA:0,schedule
FNDA:0,findDestination
FNDA:0,setRouteSchedule
DA:28,0
DA:29,0
DA:33,0
DA:34,0
DA:35,0
DA:37,0
DA:42,0
DA:43,0
DA:44,0
LF:9
LH:0
BRDA:34,1,0,0
BRDA:34,1,1,0
BRDA:42,2,0,0
BRDA:42,2,1,0
BRF:4
BRH:0
end_of_record
TN:
SF:/home/node/project/contracts/token/DummyToken.sol
FN:29,constructor
FN:45,name
FN:49,symbol
FN:53,decimal
FN:57,totalSupply
FN:61,balanceOf
FN:65,rate
FN:69,rateAt
FN:73,interest
FN:77,twin
FN:81,allowance
FN:87,transfer
FN:97,transferFrom
FN:111,approve
FN:117,increaseApproval
FN:126,decreaseApproval
FN:139,updateToken
FN:145,updateSupply
FN:149,updateBalance
FN:153,updateRate
FN:158,updateTwin
FN:162,createTwin
FN:166,transferNoEvent
FN:175,transferTwin
FNF:24
FNH:0
FNDA:0,constructor
FNDA:0,name
FNDA:0,symbol
FNDA:0,decimal
FNDA:0,totalSupply
FNDA:0,balanceOf
FNDA:0,rate
FNDA:0,rateAt
FNDA:0,interest
FNDA:0,twin
FNDA:0,allowance
FNDA:0,transfer
FNDA:0,transferFrom
FNDA:0,approve
FNDA:0,increaseApproval
FNDA:0,decreaseApproval
FNDA:0,updateToken
FNDA:0,updateSupply
FNDA:0,updateBalance
FNDA:0,updateRate
FNDA:0,updateTwin
FNDA:0,createTwin
FNDA:0,transferNoEvent
FNDA:0,transferTwin
DA:35,0
DA:36,0
DA:37,0
DA:38,0
DA:39,0
DA:41,0
DA:42,0
DA:46,0
DA:50,0
DA:54,0
DA:58,0
DA:62,0
DA:66,0
DA:70,0
DA:74,0
DA:78,0
DA:84,0
DA:88,0
DA:89,0
DA:91,0
DA:92,0
DA:93,0
DA:94,0
DA:100,0
DA:101,0
DA:102,0
DA:104,0
DA:105,0
DA:106,0
DA:107,0
DA:108,0
DA:112,0
DA:113,0
DA:114,0
DA:120,0
DA:122,0
DA:123,0
DA:129,0
DA:130,0
DA:131,0
DA:133,0
DA:135,0
DA:136,0
DA:140,0
DA:141,0
DA:142,0
DA:146,0
DA:150,0
DA:154,0
DA:155,0
DA:159,0
DA:163,0
DA:167,0
DA:168,0
DA:170,0
DA:171,0
DA:172,0
DA:176,0
DA:177,0
LF:59
LH:0
BRDA:88,1,0,0
BRDA:88,1,1,0
BRDA:89,2,0,0
BRDA:89,2,1,0
BRDA:100,3,0,0
BRDA:100,3,1,0
BRDA:101,4,0,0
BRDA:101,4,1,0
BRDA:102,5,0,0
BRDA:102,5,1,0
BRDA:130,6,0,0
BRDA:130,6,1,0
BRDA:167,7,0,0
BRDA:167,7,1,0
BRDA:168,8,0,0
BRDA:168,8,1,0
BRDA:176,9,0,0
BRDA:176,9,1,0
BRF:18
BRH:0
end_of_record
TN:
SF:/home/node/project/contracts/token/ERC20Token.sol
FN:24,constructor
FN:37,name
FN:41,symbol
FN:45,decimal
FN:49,totalSupply
FN:53,balanceOf
FN:57,allowance
FN:63,transfer
FN:74,transferFrom
FN:88,approve
FN:96,increaseApproval
FN:105,decreaseApproval
FNF:12
FNH:12
FNDA:17,constructor
FNDA:1,name
FNDA:1,symbol
FNDA:1,decimal
FNDA:2,totalSupply
FNDA:4,balanceOf
FNDA:1,allowance
FNDA:5,transfer
FNDA:3,transferFrom
FNDA:6,approve
FNDA:1,increaseApproval
FNDA:2,decreaseApproval
DA:30,17
DA:31,17
DA:32,17
DA:33,17
DA:34,17
DA:38,1
DA:42,1
DA:46,1
DA:50,2
DA:54,4
DA:60,1
DA:65,5
DA:66,5
DA:68,5
DA:69,5
DA:70,5
DA:71,5
DA:77,3
DA:78,3
DA:79,3
DA:81,1
DA:82,1
DA:83,1
DA:84,1
DA:85,1
DA:91,6
DA:92,6
DA:93,6
DA:99,1
DA:101,1
DA:102,1
DA:108,2
DA:109,2
DA:110,0
DA:112,2
DA:114,2
DA:115,2
LF:37
LH:36
BRDA:65,1,0,5
BRDA:65,1,1,0
BRDA:66,2,0,5
BRDA:66,2,1,0
BRDA:77,3,0,3
BRDA:77,3,1,0
BRDA:78,4,0,3
BRDA:78,4,1,0
BRDA:79,5,0,1
BRDA:79,5,1,2
BRDA:109,6,0,0
BRDA:109,6,1,2
BRF:12
BRH:7
end_of_record
